{"C:\\Users\\Egor\\WebstormProjects\\grade-sync\\conf\\app_config.js": {"path":"C:\\Users\\Egor\\WebstormProjects\\grade-sync\\conf\\app_config.js","statementMap":{"0":{"start":{"line":1,"column":0},"end":{"line":66,"column":2}}},"fnMap":{},"branchMap":{},"s":{"0":1},"f":{},"b":{},"_coverageSchema":"1a1c01bbd47fc00a2c39e90264f33305004495a9","hash":"00b39fc6b2b586f70fd55cca5dad1aa09596609f"}
,"C:\\Users\\Egor\\WebstormProjects\\grade-sync\\conf\\index.js": {"path":"C:\\Users\\Egor\\WebstormProjects\\grade-sync\\conf\\index.js","statementMap":{"0":{"start":{"line":1,"column":0},"end":{"line":1,"column":44}}},"fnMap":{},"branchMap":{},"s":{"0":1},"f":{},"b":{},"_coverageSchema":"1a1c01bbd47fc00a2c39e90264f33305004495a9","hash":"3a8c13560d74ce74782b77f5aae0dd115814b56d"}
,"C:\\Users\\Egor\\WebstormProjects\\grade-sync\\easysoap\\src\\easysoap.js": {"path":"C:\\Users\\Egor\\WebstormProjects\\grade-sync\\easysoap\\src\\easysoap.js","statementMap":{"0":{"start":{"line":1,"column":0},"end":{"line":148,"column":5}},"1":{"start":{"line":5,"column":22},"end":{"line":5,"column":43}},"2":{"start":{"line":6,"column":22},"end":{"line":6,"column":40}},"3":{"start":{"line":8,"column":22},"end":{"line":8,"column":53}},"4":{"start":{"line":17,"column":8},"end":{"line":17,"column":30}},"5":{"start":{"line":19,"column":8},"end":{"line":19,"column":69}},"6":{"start":{"line":19,"column":36},"end":{"line":19,"column":69}},"7":{"start":{"line":20,"column":8},"end":{"line":20,"column":69}},"8":{"start":{"line":20,"column":36},"end":{"line":20,"column":69}},"9":{"start":{"line":21,"column":8},"end":{"line":21,"column":74}},"10":{"start":{"line":21,"column":36},"end":{"line":21,"column":74}},"11":{"start":{"line":29,"column":19},"end":{"line":114,"column":5}},"12":{"start":{"line":31,"column":8},"end":{"line":32,"column":28}},"13":{"start":{"line":34,"column":8},"end":{"line":113,"column":9}},"14":{"start":{"line":43,"column":16},"end":{"line":43,"column":46}},"15":{"start":{"line":45,"column":16},"end":{"line":47,"column":17}},"16":{"start":{"line":46,"column":20},"end":{"line":46,"column":55}},"17":{"start":{"line":49,"column":16},"end":{"line":69,"column":23}},"18":{"start":{"line":52,"column":24},"end":{"line":68,"column":31}},"19":{"start":{"line":56,"column":49},"end":{"line":56,"column":92}},"20":{"start":{"line":57,"column":32},"end":{"line":62,"column":33}},"21":{"start":{"line":59,"column":36},"end":{"line":61,"column":37}},"22":{"start":{"line":60,"column":40},"end":{"line":60,"column":95}},"23":{"start":{"line":64,"column":32},"end":{"line":67,"column":34}},"24":{"start":{"line":79,"column":16},"end":{"line":79,"column":46}},"25":{"start":{"line":81,"column":16},"end":{"line":83,"column":17}},"26":{"start":{"line":82,"column":20},"end":{"line":82,"column":55}},"27":{"start":{"line":85,"column":16},"end":{"line":85,"column":75}},"28":{"start":{"line":94,"column":16},"end":{"line":94,"column":53}},"29":{"start":{"line":102,"column":16},"end":{"line":102,"column":61}},"30":{"start":{"line":111,"column":16},"end":{"line":111,"column":79}},"31":{"start":{"line":122,"column":4},"end":{"line":146,"column":6}},"32":{"start":{"line":124,"column":8},"end":{"line":124,"column":30}},"33":{"start":{"line":125,"column":8},"end":{"line":125,"column":28}},"34":{"start":{"line":128,"column":8},"end":{"line":128,"column":31}},"35":{"start":{"line":130,"column":8},"end":{"line":132,"column":9}},"36":{"start":{"line":131,"column":12},"end":{"line":131,"column":32}},"37":{"start":{"line":135,"column":8},"end":{"line":138,"column":9}},"38":{"start":{"line":136,"column":12},"end":{"line":136,"column":51}},"39":{"start":{"line":137,"column":12},"end":{"line":137,"column":32}},"40":{"start":{"line":140,"column":8},"end":{"line":143,"column":9}},"41":{"start":{"line":141,"column":12},"end":{"line":141,"column":51}},"42":{"start":{"line":142,"column":12},"end":{"line":142,"column":31}},"43":{"start":{"line":145,"column":8},"end":{"line":145,"column":42}}},"fnMap":{"0":{"name":"(anonymous_0)","decl":{"start":{"line":1,"column":1},"end":{"line":1,"column":2}},"loc":{"start":{"line":1,"column":13},"end":{"line":148,"column":1}},"line":1},"1":{"name":"mandatoryCheck","decl":{"start":{"line":15,"column":13},"end":{"line":15,"column":27}},"loc":{"start":{"line":15,"column":36},"end":{"line":22,"column":5}},"line":15},"2":{"name":"(anonymous_2)","decl":{"start":{"line":29,"column":19},"end":{"line":29,"column":20}},"loc":{"start":{"line":29,"column":42},"end":{"line":114,"column":5}},"line":29},"3":{"name":"(anonymous_3)","decl":{"start":{"line":41,"column":18},"end":{"line":41,"column":19}},"loc":{"start":{"line":41,"column":34},"end":{"line":70,"column":13}},"line":41},"4":{"name":"(anonymous_4)","decl":{"start":{"line":50,"column":26},"end":{"line":50,"column":27}},"loc":{"start":{"line":50,"column":44},"end":{"line":69,"column":21}},"line":50},"5":{"name":"(anonymous_5)","decl":{"start":{"line":53,"column":34},"end":{"line":53,"column":35}},"loc":{"start":{"line":53,"column":52},"end":{"line":68,"column":29}},"line":53},"6":{"name":"(anonymous_6)","decl":{"start":{"line":77,"column":27},"end":{"line":77,"column":28}},"loc":{"start":{"line":77,"column":43},"end":{"line":86,"column":13}},"line":77},"7":{"name":"(anonymous_7)","decl":{"start":{"line":93,"column":30},"end":{"line":93,"column":31}},"loc":{"start":{"line":93,"column":39},"end":{"line":95,"column":13}},"line":93},"8":{"name":"(anonymous_8)","decl":{"start":{"line":101,"column":29},"end":{"line":101,"column":30}},"loc":{"start":{"line":101,"column":35},"end":{"line":103,"column":13}},"line":101},"9":{"name":"(anonymous_9)","decl":{"start":{"line":110,"column":35},"end":{"line":110,"column":36}},"loc":{"start":{"line":110,"column":51},"end":{"line":112,"column":13}},"line":110},"10":{"name":"(anonymous_10)","decl":{"start":{"line":122,"column":27},"end":{"line":122,"column":28}},"loc":{"start":{"line":122,"column":51},"end":{"line":146,"column":5}},"line":122}},"branchMap":{"0":{"loc":{"start":{"line":17,"column":17},"end":{"line":17,"column":29}},"type":"binary-expr","locations":[{"start":{"line":17,"column":17},"end":{"line":17,"column":23}},{"start":{"line":17,"column":27},"end":{"line":17,"column":29}}],"line":17},"1":{"loc":{"start":{"line":19,"column":8},"end":{"line":19,"column":69}},"type":"if","locations":[{"start":{"line":19,"column":8},"end":{"line":19,"column":69}},{"start":{},"end":{}}],"line":19},"2":{"loc":{"start":{"line":20,"column":8},"end":{"line":20,"column":69}},"type":"if","locations":[{"start":{"line":20,"column":8},"end":{"line":20,"column":69}},{"start":{},"end":{}}],"line":20},"3":{"loc":{"start":{"line":21,"column":8},"end":{"line":21,"column":74}},"type":"if","locations":[{"start":{"line":21,"column":8},"end":{"line":21,"column":74}},{"start":{},"end":{}}],"line":21},"4":{"loc":{"start":{"line":31,"column":17},"end":{"line":31,"column":29}},"type":"binary-expr","locations":[{"start":{"line":31,"column":17},"end":{"line":31,"column":23}},{"start":{"line":31,"column":27},"end":{"line":31,"column":29}}],"line":31},"5":{"loc":{"start":{"line":32,"column":17},"end":{"line":32,"column":27}},"type":"binary-expr","locations":[{"start":{"line":32,"column":17},"end":{"line":32,"column":21}},{"start":{"line":32,"column":25},"end":{"line":32,"column":27}}],"line":32},"6":{"loc":{"start":{"line":43,"column":29},"end":{"line":43,"column":45}},"type":"binary-expr","locations":[{"start":{"line":43,"column":29},"end":{"line":43,"column":39}},{"start":{"line":43,"column":43},"end":{"line":43,"column":45}}],"line":43},"7":{"loc":{"start":{"line":45,"column":16},"end":{"line":47,"column":17}},"type":"if","locations":[{"start":{"line":45,"column":16},"end":{"line":47,"column":17}},{"start":{},"end":{}}],"line":45},"8":{"loc":{"start":{"line":57,"column":32},"end":{"line":62,"column":33}},"type":"if","locations":[{"start":{"line":57,"column":32},"end":{"line":62,"column":33}},{"start":{},"end":{}}],"line":57},"9":{"loc":{"start":{"line":59,"column":36},"end":{"line":61,"column":37}},"type":"if","locations":[{"start":{"line":59,"column":36},"end":{"line":61,"column":37}},{"start":{},"end":{}}],"line":59},"10":{"loc":{"start":{"line":79,"column":29},"end":{"line":79,"column":45}},"type":"binary-expr","locations":[{"start":{"line":79,"column":29},"end":{"line":79,"column":39}},{"start":{"line":79,"column":43},"end":{"line":79,"column":45}}],"line":79},"11":{"loc":{"start":{"line":81,"column":16},"end":{"line":83,"column":17}},"type":"if","locations":[{"start":{"line":81,"column":16},"end":{"line":83,"column":17}},{"start":{},"end":{}}],"line":81},"12":{"loc":{"start":{"line":124,"column":17},"end":{"line":124,"column":29}},"type":"binary-expr","locations":[{"start":{"line":124,"column":17},"end":{"line":124,"column":23}},{"start":{"line":124,"column":27},"end":{"line":124,"column":29}}],"line":124},"13":{"loc":{"start":{"line":125,"column":17},"end":{"line":125,"column":27}},"type":"binary-expr","locations":[{"start":{"line":125,"column":17},"end":{"line":125,"column":21}},{"start":{"line":125,"column":25},"end":{"line":125,"column":27}}],"line":125},"14":{"loc":{"start":{"line":130,"column":8},"end":{"line":132,"column":9}},"type":"if","locations":[{"start":{"line":130,"column":8},"end":{"line":132,"column":9}},{"start":{},"end":{}}],"line":130},"15":{"loc":{"start":{"line":135,"column":8},"end":{"line":138,"column":9}},"type":"if","locations":[{"start":{"line":135,"column":8},"end":{"line":138,"column":9}},{"start":{},"end":{}}],"line":135},"16":{"loc":{"start":{"line":140,"column":8},"end":{"line":143,"column":9}},"type":"if","locations":[{"start":{"line":140,"column":8},"end":{"line":143,"column":9}},{"start":{},"end":{}}],"line":140}},"s":{"0":1,"1":1,"2":1,"3":1,"4":1,"5":1,"6":0,"7":1,"8":0,"9":1,"10":0,"11":1,"12":1,"13":1,"14":0,"15":0,"16":0,"17":0,"18":0,"19":0,"20":0,"21":0,"22":0,"23":0,"24":0,"25":0,"26":0,"27":0,"28":0,"29":0,"30":0,"31":1,"32":1,"33":1,"34":1,"35":1,"36":1,"37":1,"38":0,"39":0,"40":1,"41":0,"42":0,"43":1},"f":{"0":1,"1":1,"2":1,"3":0,"4":0,"5":0,"6":0,"7":0,"8":0,"9":0,"10":1},"b":{"0":[1,0],"1":[0,1],"2":[0,1],"3":[0,1],"4":[1,0],"5":[1,0],"6":[0,0],"7":[0,0],"8":[0,0],"9":[0,0],"10":[0,0],"11":[0,0],"12":[1,0],"13":[1,1],"14":[1,0],"15":[0,1],"16":[0,1]},"_coverageSchema":"1a1c01bbd47fc00a2c39e90264f33305004495a9","hash":"e75e0642f5432c083af3f2bceea99d2c48923c0e"}
,"C:\\Users\\Egor\\WebstormProjects\\grade-sync\\easysoap\\src\\request\\request.js": {"path":"C:\\Users\\Egor\\WebstormProjects\\grade-sync\\easysoap\\src\\request\\request.js","statementMap":{"0":{"start":{"line":1,"column":0},"end":{"line":299,"column":5}},"1":{"start":{"line":5,"column":18},"end":{"line":5,"column":32}},"2":{"start":{"line":7,"column":18},"end":{"line":7,"column":31}},"3":{"start":{"line":8,"column":18},"end":{"line":8,"column":33}},"4":{"start":{"line":10,"column":18},"end":{"line":10,"column":39}},"5":{"start":{"line":11,"column":18},"end":{"line":11,"column":36}},"6":{"start":{"line":12,"column":18},"end":{"line":12,"column":36}},"7":{"start":{"line":14,"column":21},"end":{"line":16,"column":5}},"8":{"start":{"line":20,"column":28},"end":{"line":20,"column":52}},"9":{"start":{"line":22,"column":8},"end":{"line":32,"column":9}},"10":{"start":{"line":23,"column":12},"end":{"line":31,"column":13}},"11":{"start":{"line":25,"column":16},"end":{"line":30,"column":20}},"12":{"start":{"line":27,"column":24},"end":{"line":27,"column":66}},"13":{"start":{"line":28,"column":24},"end":{"line":28,"column":37}},"14":{"start":{"line":34,"column":8},"end":{"line":34,"column":29}},"15":{"start":{"line":39,"column":8},"end":{"line":39,"column":26}},"16":{"start":{"line":40,"column":8},"end":{"line":42,"column":9}},"17":{"start":{"line":41,"column":12},"end":{"line":41,"column":32}},"18":{"start":{"line":44,"column":8},"end":{"line":44,"column":54}},"19":{"start":{"line":49,"column":23},"end":{"line":51,"column":9}},"20":{"start":{"line":53,"column":31},"end":{"line":60,"column":9}},"21":{"start":{"line":55,"column":12},"end":{"line":59,"column":24}},"22":{"start":{"line":57,"column":20},"end":{"line":57,"column":70}},"23":{"start":{"line":62,"column":31},"end":{"line":125,"column":9}},"24":{"start":{"line":64,"column":12},"end":{"line":64,"column":40}},"25":{"start":{"line":66,"column":28},"end":{"line":66,"column":30}},"26":{"start":{"line":67,"column":12},"end":{"line":71,"column":13}},"27":{"start":{"line":68,"column":16},"end":{"line":70,"column":17}},"28":{"start":{"line":69,"column":20},"end":{"line":69,"column":58}},"29":{"start":{"line":74,"column":35},"end":{"line":74,"column":37}},"30":{"start":{"line":75,"column":12},"end":{"line":84,"column":13}},"31":{"start":{"line":77,"column":16},"end":{"line":79,"column":17}},"32":{"start":{"line":78,"column":20},"end":{"line":78,"column":75}},"33":{"start":{"line":81,"column":16},"end":{"line":83,"column":17}},"34":{"start":{"line":82,"column":20},"end":{"line":82,"column":41}},"35":{"start":{"line":87,"column":12},"end":{"line":91,"column":13}},"36":{"start":{"line":88,"column":16},"end":{"line":90,"column":27}},"37":{"start":{"line":89,"column":35},"end":{"line":89,"column":91}},"38":{"start":{"line":94,"column":12},"end":{"line":111,"column":13}},"39":{"start":{"line":96,"column":36},"end":{"line":107,"column":26}},"40":{"start":{"line":99,"column":24},"end":{"line":103,"column":25}},"41":{"start":{"line":100,"column":44},"end":{"line":102,"column":39}},"42":{"start":{"line":101,"column":32},"end":{"line":101,"column":113}},"43":{"start":{"line":105,"column":24},"end":{"line":105,"column":98}},"44":{"start":{"line":109,"column":16},"end":{"line":109,"column":84}},"45":{"start":{"line":114,"column":12},"end":{"line":116,"column":13}},"46":{"start":{"line":115,"column":16},"end":{"line":115,"column":65}},"47":{"start":{"line":119,"column":12},"end":{"line":124,"column":15}},"48":{"start":{"line":127,"column":8},"end":{"line":155,"column":15}},"49":{"start":{"line":130,"column":36},"end":{"line":130,"column":56}},"50":{"start":{"line":132,"column":16},"end":{"line":137,"column":17}},"51":{"start":{"line":133,"column":36},"end":{"line":133,"column":38}},"52":{"start":{"line":134,"column":24},"end":{"line":134,"column":73}},"53":{"start":{"line":136,"column":20},"end":{"line":136,"column":50}},"54":{"start":{"line":139,"column":29},"end":{"line":152,"column":17}},"55":{"start":{"line":142,"column":50},"end":{"line":142,"column":102}},"56":{"start":{"line":143,"column":24},"end":{"line":145,"column":25}},"57":{"start":{"line":144,"column":28},"end":{"line":144,"column":100}},"58":{"start":{"line":147,"column":24},"end":{"line":150,"column":26}},"59":{"start":{"line":154,"column":16},"end":{"line":154,"column":39}},"60":{"start":{"line":160,"column":8},"end":{"line":189,"column":15}},"61":{"start":{"line":163,"column":16},"end":{"line":167,"column":18}},"62":{"start":{"line":165,"column":24},"end":{"line":165,"column":62}},"63":{"start":{"line":170,"column":16},"end":{"line":179,"column":17}},"64":{"start":{"line":171,"column":20},"end":{"line":178,"column":23}},"65":{"start":{"line":173,"column":35},"end":{"line":173,"column":75}},"66":{"start":{"line":174,"column":24},"end":{"line":177,"column":27}},"67":{"start":{"line":181,"column":27},"end":{"line":181,"column":71}},"68":{"start":{"line":182,"column":27},"end":{"line":182,"column":76}},"69":{"start":{"line":184,"column":16},"end":{"line":188,"column":17}},"70":{"start":{"line":194,"column":8},"end":{"line":194,"column":30}},"71":{"start":{"line":196,"column":8},"end":{"line":198,"column":9}},"72":{"start":{"line":197,"column":12},"end":{"line":197,"column":24}},"73":{"start":{"line":200,"column":24},"end":{"line":200,"column":104}},"74":{"start":{"line":202,"column":8},"end":{"line":211,"column":9}},"75":{"start":{"line":205,"column":26},"end":{"line":205,"column":51}},"76":{"start":{"line":207,"column":12},"end":{"line":210,"column":15}},"77":{"start":{"line":213,"column":8},"end":{"line":219,"column":11}},"78":{"start":{"line":214,"column":12},"end":{"line":218,"column":14}},"79":{"start":{"line":230,"column":4},"end":{"line":253,"column":6}},"80":{"start":{"line":232,"column":30},"end":{"line":232,"column":80}},"81":{"start":{"line":233,"column":30},"end":{"line":233,"column":90}},"82":{"start":{"line":234,"column":30},"end":{"line":234,"column":80}},"83":{"start":{"line":236,"column":8},"end":{"line":252,"column":15}},"84":{"start":{"line":239,"column":38},"end":{"line":239,"column":50}},"85":{"start":{"line":240,"column":38},"end":{"line":240,"column":50}},"86":{"start":{"line":242,"column":37},"end":{"line":246,"column":18}},"87":{"start":{"line":247,"column":29},"end":{"line":247,"column":81}},"88":{"start":{"line":248,"column":17},"end":{"line":248,"column":31}},"89":{"start":{"line":250,"column":26},"end":{"line":250,"column":75}},"90":{"start":{"line":251,"column":4},"end":{"line":251,"column":27}},"91":{"start":{"line":262,"column":4},"end":{"line":297,"column":6}},"92":{"start":{"line":264,"column":8},"end":{"line":296,"column":15}},"93":{"start":{"line":267,"column":17},"end":{"line":267,"column":69}},"94":{"start":{"line":268,"column":17},"end":{"line":268,"column":31}},"95":{"start":{"line":269,"column":26},"end":{"line":269,"column":72}},"96":{"start":{"line":270,"column":30},"end":{"line":270,"column":32}},"97":{"start":{"line":271,"column":20},"end":{"line":271,"column":72}},"98":{"start":{"line":274,"column":16},"end":{"line":276,"column":19}},"99":{"start":{"line":275,"column":20},"end":{"line":275,"column":63}},"100":{"start":{"line":278,"column":16},"end":{"line":295,"column":19}},"101":{"start":{"line":279,"column":20},"end":{"line":294,"column":23}},"102":{"start":{"line":286,"column":24},"end":{"line":293,"column":25}},"103":{"start":{"line":286,"column":37},"end":{"line":286,"column":51}},"104":{"start":{"line":288,"column":28},"end":{"line":292,"column":31}}},"fnMap":{"0":{"name":"(anonymous_0)","decl":{"start":{"line":1,"column":1},"end":{"line":1,"column":2}},"loc":{"start":{"line":1,"column":12},"end":{"line":299,"column":1}},"line":1},"1":{"name":"baseParamsToRequestParams","decl":{"start":{"line":18,"column":13},"end":{"line":18,"column":38}},"loc":{"start":{"line":18,"column":51},"end":{"line":35,"column":5}},"line":18},"2":{"name":"(anonymous_2)","decl":{"start":{"line":26,"column":20},"end":{"line":26,"column":21}},"loc":{"start":{"line":26,"column":43},"end":{"line":29,"column":21}},"line":26},"3":{"name":"getProtocol","decl":{"start":{"line":37,"column":13},"end":{"line":37,"column":24}},"loc":{"start":{"line":37,"column":31},"end":{"line":45,"column":5}},"line":37},"4":{"name":"getRequestParamsAsString","decl":{"start":{"line":47,"column":13},"end":{"line":47,"column":37}},"loc":{"start":{"line":47,"column":68},"end":{"line":156,"column":5}},"line":47},"5":{"name":"(anonymous_5)","decl":{"start":{"line":53,"column":31},"end":{"line":53,"column":32}},"loc":{"start":{"line":53,"column":52},"end":{"line":60,"column":9}},"line":53},"6":{"name":"(anonymous_6)","decl":{"start":{"line":56,"column":16},"end":{"line":56,"column":17}},"loc":{"start":{"line":56,"column":50},"end":{"line":58,"column":17}},"line":56},"7":{"name":"(anonymous_7)","decl":{"start":{"line":62,"column":31},"end":{"line":62,"column":32}},"loc":{"start":{"line":62,"column":76},"end":{"line":125,"column":9}},"line":62},"8":{"name":"(anonymous_8)","decl":{"start":{"line":89,"column":20},"end":{"line":89,"column":21}},"loc":{"start":{"line":89,"column":35},"end":{"line":89,"column":91}},"line":89},"9":{"name":"(anonymous_9)","decl":{"start":{"line":97,"column":20},"end":{"line":97,"column":21}},"loc":{"start":{"line":97,"column":45},"end":{"line":106,"column":21}},"line":97},"10":{"name":"(anonymous_10)","decl":{"start":{"line":100,"column":61},"end":{"line":100,"column":62}},"loc":{"start":{"line":100,"column":93},"end":{"line":102,"column":29}},"line":100},"11":{"name":"(anonymous_11)","decl":{"start":{"line":128,"column":18},"end":{"line":128,"column":19}},"loc":{"start":{"line":128,"column":36},"end":{"line":155,"column":13}},"line":128},"12":{"name":"(anonymous_12)","decl":{"start":{"line":140,"column":20},"end":{"line":140,"column":21}},"loc":{"start":{"line":140,"column":47},"end":{"line":151,"column":21}},"line":140},"13":{"name":"getRequestEnvelopeParams","decl":{"start":{"line":158,"column":13},"end":{"line":158,"column":37}},"loc":{"start":{"line":158,"column":52},"end":{"line":190,"column":5}},"line":158},"14":{"name":"(anonymous_14)","decl":{"start":{"line":161,"column":18},"end":{"line":161,"column":19}},"loc":{"start":{"line":161,"column":34},"end":{"line":189,"column":13}},"line":161},"15":{"name":"(anonymous_15)","decl":{"start":{"line":164,"column":20},"end":{"line":164,"column":21}},"loc":{"start":{"line":164,"column":38},"end":{"line":166,"column":21}},"line":164},"16":{"name":"(anonymous_16)","decl":{"start":{"line":171,"column":43},"end":{"line":171,"column":44}},"loc":{"start":{"line":171,"column":71},"end":{"line":178,"column":21}},"line":171},"17":{"name":"getRequestHeadParams","decl":{"start":{"line":192,"column":13},"end":{"line":192,"column":33}},"loc":{"start":{"line":192,"column":42},"end":{"line":220,"column":5}},"line":192},"18":{"name":"(anonymous_18)","decl":{"start":{"line":213,"column":37},"end":{"line":213,"column":38}},"loc":{"start":{"line":213,"column":66},"end":{"line":219,"column":9}},"line":213},"19":{"name":"(anonymous_19)","decl":{"start":{"line":230,"column":25},"end":{"line":230,"column":26}},"loc":{"start":{"line":230,"column":55},"end":{"line":253,"column":5}},"line":230},"20":{"name":"(anonymous_20)","decl":{"start":{"line":237,"column":18},"end":{"line":237,"column":19}},"loc":{"start":{"line":237,"column":33},"end":{"line":252,"column":13}},"line":237},"21":{"name":"(anonymous_21)","decl":{"start":{"line":262,"column":20},"end":{"line":262,"column":21}},"loc":{"start":{"line":262,"column":50},"end":{"line":297,"column":5}},"line":262},"22":{"name":"(anonymous_22)","decl":{"start":{"line":265,"column":18},"end":{"line":265,"column":19}},"loc":{"start":{"line":265,"column":34},"end":{"line":296,"column":13}},"line":265},"23":{"name":"(anonymous_23)","decl":{"start":{"line":274,"column":39},"end":{"line":274,"column":40}},"loc":{"start":{"line":274,"column":55},"end":{"line":276,"column":17}},"line":274},"24":{"name":"(anonymous_24)","decl":{"start":{"line":278,"column":35},"end":{"line":278,"column":36}},"loc":{"start":{"line":278,"column":56},"end":{"line":295,"column":17}},"line":278},"25":{"name":"(anonymous_25)","decl":{"start":{"line":285,"column":23},"end":{"line":285,"column":24}},"loc":{"start":{"line":285,"column":55},"end":{"line":294,"column":21}},"line":285}},"branchMap":{"0":{"loc":{"start":{"line":22,"column":8},"end":{"line":32,"column":9}},"type":"if","locations":[{"start":{"line":22,"column":8},"end":{"line":32,"column":9}},{"start":{},"end":{}}],"line":22},"1":{"loc":{"start":{"line":23,"column":12},"end":{"line":31,"column":13}},"type":"if","locations":[{"start":{"line":23,"column":12},"end":{"line":31,"column":13}},{"start":{},"end":{}}],"line":23},"2":{"loc":{"start":{"line":39,"column":15},"end":{"line":39,"column":25}},"type":"binary-expr","locations":[{"start":{"line":39,"column":15},"end":{"line":39,"column":19}},{"start":{"line":39,"column":23},"end":{"line":39,"column":25}}],"line":39},"3":{"loc":{"start":{"line":40,"column":8},"end":{"line":42,"column":9}},"type":"if","locations":[{"start":{"line":40,"column":8},"end":{"line":42,"column":9}},{"start":{},"end":{}}],"line":40},"4":{"loc":{"start":{"line":44,"column":15},"end":{"line":44,"column":53}},"type":"cond-expr","locations":[{"start":{"line":44,"column":31},"end":{"line":44,"column":41}},{"start":{"line":44,"column":44},"end":{"line":44,"column":53}}],"line":44},"5":{"loc":{"start":{"line":64,"column":24},"end":{"line":64,"column":39}},"type":"binary-expr","locations":[{"start":{"line":64,"column":24},"end":{"line":64,"column":33}},{"start":{"line":64,"column":37},"end":{"line":64,"column":39}}],"line":64},"6":{"loc":{"start":{"line":67,"column":12},"end":{"line":71,"column":13}},"type":"if","locations":[{"start":{"line":67,"column":12},"end":{"line":71,"column":13}},{"start":{},"end":{}}],"line":67},"7":{"loc":{"start":{"line":68,"column":16},"end":{"line":70,"column":17}},"type":"if","locations":[{"start":{"line":68,"column":16},"end":{"line":70,"column":17}},{"start":{},"end":{}}],"line":68},"8":{"loc":{"start":{"line":75,"column":12},"end":{"line":84,"column":13}},"type":"if","locations":[{"start":{"line":75,"column":12},"end":{"line":84,"column":13}},{"start":{},"end":{}}],"line":75},"9":{"loc":{"start":{"line":77,"column":16},"end":{"line":79,"column":17}},"type":"if","locations":[{"start":{"line":77,"column":16},"end":{"line":79,"column":17}},{"start":{},"end":{}}],"line":77},"10":{"loc":{"start":{"line":81,"column":16},"end":{"line":83,"column":17}},"type":"if","locations":[{"start":{"line":81,"column":16},"end":{"line":83,"column":17}},{"start":{},"end":{}}],"line":81},"11":{"loc":{"start":{"line":87,"column":12},"end":{"line":91,"column":13}},"type":"if","locations":[{"start":{"line":87,"column":12},"end":{"line":91,"column":13}},{"start":{},"end":{}}],"line":87},"12":{"loc":{"start":{"line":94,"column":12},"end":{"line":111,"column":13}},"type":"if","locations":[{"start":{"line":94,"column":12},"end":{"line":111,"column":13}},{"start":{},"end":{}}],"line":94},"13":{"loc":{"start":{"line":99,"column":24},"end":{"line":103,"column":25}},"type":"if","locations":[{"start":{"line":99,"column":24},"end":{"line":103,"column":25}},{"start":{},"end":{}}],"line":99},"14":{"loc":{"start":{"line":114,"column":12},"end":{"line":116,"column":13}},"type":"if","locations":[{"start":{"line":114,"column":12},"end":{"line":116,"column":13}},{"start":{},"end":{}}],"line":114},"15":{"loc":{"start":{"line":132,"column":16},"end":{"line":137,"column":17}},"type":"if","locations":[{"start":{"line":132,"column":16},"end":{"line":137,"column":17}},{"start":{},"end":{}}],"line":132},"16":{"loc":{"start":{"line":143,"column":24},"end":{"line":145,"column":25}},"type":"if","locations":[{"start":{"line":143,"column":24},"end":{"line":145,"column":25}},{"start":{},"end":{}}],"line":143},"17":{"loc":{"start":{"line":170,"column":16},"end":{"line":179,"column":17}},"type":"if","locations":[{"start":{"line":170,"column":16},"end":{"line":179,"column":17}},{"start":{},"end":{}}],"line":170},"18":{"loc":{"start":{"line":173,"column":35},"end":{"line":173,"column":75}},"type":"binary-expr","locations":[{"start":{"line":173,"column":35},"end":{"line":173,"column":55}},{"start":{"line":173,"column":59},"end":{"line":173,"column":75}}],"line":173},"19":{"loc":{"start":{"line":182,"column":27},"end":{"line":182,"column":76}},"type":"binary-expr","locations":[{"start":{"line":182,"column":27},"end":{"line":182,"column":70}},{"start":{"line":182,"column":74},"end":{"line":182,"column":76}}],"line":182},"20":{"loc":{"start":{"line":186,"column":34},"end":{"line":186,"column":80}},"type":"binary-expr","locations":[{"start":{"line":186,"column":34},"end":{"line":186,"column":42}},{"start":{"line":186,"column":46},"end":{"line":186,"column":80}}],"line":186},"21":{"loc":{"start":{"line":194,"column":17},"end":{"line":194,"column":29}},"type":"binary-expr","locations":[{"start":{"line":194,"column":17},"end":{"line":194,"column":23}},{"start":{"line":194,"column":27},"end":{"line":194,"column":29}}],"line":194},"22":{"loc":{"start":{"line":196,"column":8},"end":{"line":198,"column":9}},"type":"if","locations":[{"start":{"line":196,"column":8},"end":{"line":198,"column":9}},{"start":{},"end":{}}],"line":196},"23":{"loc":{"start":{"line":202,"column":8},"end":{"line":211,"column":9}},"type":"if","locations":[{"start":{"line":202,"column":8},"end":{"line":211,"column":9}},{"start":{},"end":{}}],"line":202},"24":{"loc":{"start":{"line":202,"column":12},"end":{"line":203,"column":38}},"type":"binary-expr","locations":[{"start":{"line":202,"column":12},"end":{"line":202,"column":38}},{"start":{"line":203,"column":12},"end":{"line":203,"column":38}}],"line":202},"25":{"loc":{"start":{"line":286,"column":24},"end":{"line":293,"column":25}},"type":"if","locations":[{"start":{"line":286,"column":24},"end":{"line":293,"column":25}},{"start":{"line":287,"column":29},"end":{"line":293,"column":25}}],"line":286}},"s":{"0":1,"1":1,"2":1,"3":1,"4":1,"5":1,"6":1,"7":1,"8":0,"9":0,"10":0,"11":0,"12":0,"13":0,"14":0,"15":0,"16":0,"17":0,"18":0,"19":0,"20":0,"21":0,"22":0,"23":0,"24":0,"25":0,"26":0,"27":0,"28":0,"29":0,"30":0,"31":0,"32":0,"33":0,"34":0,"35":0,"36":0,"37":0,"38":0,"39":0,"40":0,"41":0,"42":0,"43":0,"44":0,"45":0,"46":0,"47":0,"48":0,"49":0,"50":0,"51":0,"52":0,"53":0,"54":0,"55":0,"56":0,"57":0,"58":0,"59":0,"60":0,"61":0,"62":0,"63":0,"64":0,"65":0,"66":0,"67":0,"68":0,"69":0,"70":0,"71":0,"72":0,"73":0,"74":0,"75":0,"76":0,"77":0,"78":0,"79":1,"80":0,"81":0,"82":0,"83":0,"84":0,"85":0,"86":0,"87":0,"88":0,"89":0,"90":0,"91":1,"92":0,"93":0,"94":0,"95":0,"96":0,"97":0,"98":0,"99":0,"100":0,"101":0,"102":0,"103":0,"104":0},"f":{"0":1,"1":0,"2":0,"3":0,"4":0,"5":0,"6":0,"7":0,"8":0,"9":0,"10":0,"11":0,"12":0,"13":0,"14":0,"15":0,"16":0,"17":0,"18":0,"19":0,"20":0,"21":0,"22":0,"23":0,"24":0,"25":0},"b":{"0":[0,0],"1":[0,0],"2":[0,0],"3":[0,0],"4":[0,0],"5":[0,0],"6":[0,0],"7":[0,0],"8":[0,0],"9":[0,0],"10":[0,0],"11":[0,0],"12":[0,0],"13":[0,0],"14":[0,0],"15":[0,0],"16":[0,0],"17":[0,0],"18":[0,0],"19":[0,0],"20":[0,0],"21":[0,0],"22":[0,0],"23":[0,0],"24":[0,0],"25":[0,0]},"_coverageSchema":"1a1c01bbd47fc00a2c39e90264f33305004495a9","hash":"f2a02d7874a9a8fbad4a05df5dca3c8053346d40"}
,"C:\\Users\\Egor\\WebstormProjects\\grade-sync\\lib\\logger.js": {"path":"C:\\Users\\Egor\\WebstormProjects\\grade-sync\\lib\\logger.js","statementMap":{"0":{"start":{"line":1,"column":15},"end":{"line":1,"column":32}},"1":{"start":{"line":2,"column":13},"end":{"line":2,"column":31}},"2":{"start":{"line":3,"column":22},"end":{"line":3,"column":46}},"3":{"start":{"line":5,"column":21},"end":{"line":5,"column":79}},"4":{"start":{"line":8,"column":22},"end":{"line":8,"column":52}},"5":{"start":{"line":10,"column":0},"end":{"line":34,"column":1}},"6":{"start":{"line":11,"column":1},"end":{"line":16,"column":3}},"7":{"start":{"line":24,"column":1},"end":{"line":33,"column":4}}},"fnMap":{},"branchMap":{"0":{"loc":{"start":{"line":10,"column":0},"end":{"line":34,"column":1}},"type":"if","locations":[{"start":{"line":10,"column":0},"end":{"line":34,"column":1}},{"start":{"line":18,"column":5},"end":{"line":34,"column":1}}],"line":10},"1":{"loc":{"start":{"line":14,"column":9},"end":{"line":14,"column":41}},"type":"cond-expr","locations":[{"start":{"line":14,"column":25},"end":{"line":14,"column":32}},{"start":{"line":14,"column":35},"end":{"line":14,"column":41}}],"line":14}},"s":{"0":1,"1":1,"2":1,"3":1,"4":1,"5":1,"6":0,"7":1},"f":{},"b":{"0":[0,1],"1":[0,0]},"_coverageSchema":"1a1c01bbd47fc00a2c39e90264f33305004495a9","hash":"1de7dd442f04726690ebf39fd24b498b5d76a6c3"}
,"C:\\Users\\Egor\\WebstormProjects\\grade-sync\\lib\\soap.js": {"path":"C:\\Users\\Egor\\WebstormProjects\\grade-sync\\lib\\soap.js","statementMap":{"0":{"start":{"line":1,"column":17},"end":{"line":1,"column":52}},"1":{"start":{"line":3,"column":13},"end":{"line":3,"column":31}},"2":{"start":{"line":6,"column":19},"end":{"line":6,"column":58}},"3":{"start":{"line":8,"column":0},"end":{"line":64,"column":2}},"4":{"start":{"line":11,"column":17},"end":{"line":11,"column":21}},"5":{"start":{"line":12,"column":25},"end":{"line":19,"column":5}},"6":{"start":{"line":18,"column":4},"end":{"line":18,"column":28}},"7":{"start":{"line":21,"column":2},"end":{"line":31,"column":3}},"8":{"start":{"line":22,"column":3},"end":{"line":22,"column":52}},"9":{"start":{"line":23,"column":9},"end":{"line":31,"column":3}},"10":{"start":{"line":24,"column":3},"end":{"line":28,"column":5}},"11":{"start":{"line":30,"column":3},"end":{"line":30,"column":19}},"12":{"start":{"line":35,"column":18},"end":{"line":39,"column":4}},"13":{"start":{"line":40,"column":2},"end":{"line":40,"column":17}},"14":{"start":{"line":44,"column":2},"end":{"line":44,"column":42}},"15":{"start":{"line":48,"column":2},"end":{"line":55,"column":9}},"16":{"start":{"line":49,"column":3},"end":{"line":52,"column":7}},"17":{"start":{"line":51,"column":5},"end":{"line":51,"column":29}},"18":{"start":{"line":54,"column":3},"end":{"line":54,"column":17}},"19":{"start":{"line":58,"column":45},"end":{"line":58,"column":49}},"20":{"start":{"line":59,"column":2},"end":{"line":62,"column":18}},"21":{"start":{"line":60,"column":16},"end":{"line":60,"column":25}}},"fnMap":{"0":{"name":"(anonymous_0)","decl":{"start":{"line":9,"column":1},"end":{"line":9,"column":2}},"loc":{"start":{"line":9,"column":28},"end":{"line":32,"column":2}},"line":9},"1":{"name":"(anonymous_1)","decl":{"start":{"line":17,"column":9},"end":{"line":17,"column":10}},"loc":{"start":{"line":17,"column":27},"end":{"line":19,"column":4}},"line":17},"2":{"name":"(anonymous_2)","decl":{"start":{"line":34,"column":1},"end":{"line":34,"column":2}},"loc":{"start":{"line":34,"column":34},"end":{"line":41,"column":2}},"line":34},"3":{"name":"(anonymous_3)","decl":{"start":{"line":43,"column":1},"end":{"line":43,"column":2}},"loc":{"start":{"line":43,"column":23},"end":{"line":45,"column":2}},"line":43},"4":{"name":"(anonymous_4)","decl":{"start":{"line":47,"column":1},"end":{"line":47,"column":2}},"loc":{"start":{"line":47,"column":18},"end":{"line":56,"column":2}},"line":47},"5":{"name":"(anonymous_5)","decl":{"start":{"line":48,"column":59},"end":{"line":48,"column":60}},"loc":{"start":{"line":48,"column":77},"end":{"line":55,"column":3}},"line":48},"6":{"name":"(anonymous_6)","decl":{"start":{"line":50,"column":13},"end":{"line":50,"column":14}},"loc":{"start":{"line":50,"column":22},"end":{"line":52,"column":5}},"line":50},"7":{"name":"(anonymous_7)","decl":{"start":{"line":58,"column":1},"end":{"line":58,"column":2}},"loc":{"start":{"line":58,"column":51},"end":{"line":63,"column":2}},"line":58},"8":{"name":"(anonymous_8)","decl":{"start":{"line":58,"column":37},"end":{"line":58,"column":38}},"loc":{"start":{"line":58,"column":45},"end":{"line":58,"column":49}},"line":58},"9":{"name":"(anonymous_9)","decl":{"start":{"line":60,"column":8},"end":{"line":60,"column":9}},"loc":{"start":{"line":60,"column":16},"end":{"line":60,"column":25}},"line":60}},"branchMap":{"0":{"loc":{"start":{"line":21,"column":2},"end":{"line":31,"column":3}},"type":"if","locations":[{"start":{"line":21,"column":2},"end":{"line":31,"column":3}},{"start":{"line":23,"column":9},"end":{"line":31,"column":3}}],"line":21},"1":{"loc":{"start":{"line":23,"column":9},"end":{"line":31,"column":3}},"type":"if","locations":[{"start":{"line":23,"column":9},"end":{"line":31,"column":3}},{"start":{"line":29,"column":9},"end":{"line":31,"column":3}}],"line":23},"2":{"loc":{"start":{"line":48,"column":10},"end":{"line":48,"column":50}},"type":"cond-expr","locations":[{"start":{"line":48,"column":35},"end":{"line":48,"column":40}},{"start":{"line":48,"column":43},"end":{"line":48,"column":50}}],"line":48},"3":{"loc":{"start":{"line":58,"column":26},"end":{"line":58,"column":49}},"type":"default-arg","locations":[{"start":{"line":58,"column":37},"end":{"line":58,"column":49}}],"line":58},"4":{"loc":{"start":{"line":59,"column":10},"end":{"line":59,"column":50}},"type":"cond-expr","locations":[{"start":{"line":59,"column":35},"end":{"line":59,"column":40}},{"start":{"line":59,"column":43},"end":{"line":59,"column":50}}],"line":59}},"s":{"0":1,"1":1,"2":1,"3":1,"4":0,"5":0,"6":0,"7":0,"8":0,"9":0,"10":0,"11":0,"12":0,"13":0,"14":0,"15":0,"16":0,"17":0,"18":0,"19":0,"20":0,"21":0},"f":{"0":0,"1":0,"2":0,"3":0,"4":0,"5":0,"6":0,"7":0,"8":0,"9":0},"b":{"0":[0,0],"1":[0,0],"2":[0,0],"3":[0],"4":[0,0]},"_coverageSchema":"1a1c01bbd47fc00a2c39e90264f33305004495a9","hash":"1d4074a4f39b26d07218252e08b2cef3cb1d750a"}
,"C:\\Users\\Egor\\WebstormProjects\\grade-sync\\model\\disciplines.js": {"path":"C:\\Users\\Egor\\WebstormProjects\\grade-sync\\model\\disciplines.js","statementMap":{"0":{"start":{"line":1,"column":17},"end":{"line":1,"column":36}},"1":{"start":{"line":2,"column":16},"end":{"line":2,"column":36}},"2":{"start":{"line":4,"column":26},"end":{"line":72,"column":2}},"3":{"start":{"line":74,"column":0},"end":{"line":81,"column":2}},"4":{"start":{"line":76,"column":2},"end":{"line":76,"column":42}},"5":{"start":{"line":83,"column":0},"end":{"line":109,"column":2}},"6":{"start":{"line":89,"column":2},"end":{"line":107,"column":5}},"7":{"start":{"line":111,"column":0},"end":{"line":111,"column":66}}},"fnMap":{"0":{"name":"(anonymous_0)","decl":{"start":{"line":75,"column":1},"end":{"line":75,"column":2}},"loc":{"start":{"line":75,"column":17},"end":{"line":77,"column":2}},"line":75},"1":{"name":"(anonymous_1)","decl":{"start":{"line":84,"column":1},"end":{"line":84,"column":2}},"loc":{"start":{"line":88,"column":3},"end":{"line":108,"column":2}},"line":88}},"branchMap":{"0":{"loc":{"start":{"line":86,"column":54},"end":{"line":86,"column":66}},"type":"default-arg","locations":[{"start":{"line":86,"column":63},"end":{"line":86,"column":66}}],"line":86},"1":{"loc":{"start":{"line":86,"column":68},"end":{"line":86,"column":86}},"type":"default-arg","locations":[{"start":{"line":86,"column":76},"end":{"line":86,"column":86}}],"line":86}},"s":{"0":1,"1":1,"2":1,"3":1,"4":0,"5":1,"6":0,"7":1},"f":{"0":0,"1":0},"b":{"0":[0],"1":[0]},"_coverageSchema":"1a1c01bbd47fc00a2c39e90264f33305004495a9","hash":"2e758504a49ac62a945a66ba52e8ccc779f36d95"}
,"C:\\Users\\Egor\\WebstormProjects\\grade-sync\\model\\faculty.js": {"path":"C:\\Users\\Egor\\WebstormProjects\\grade-sync\\model\\faculty.js","statementMap":{"0":{"start":{"line":1,"column":17},"end":{"line":1,"column":36}},"1":{"start":{"line":4,"column":22},"end":{"line":13,"column":2}},"2":{"start":{"line":16,"column":0},"end":{"line":16,"column":58}}},"fnMap":{},"branchMap":{},"s":{"0":1,"1":1,"2":1},"f":{},"b":{},"_coverageSchema":"1a1c01bbd47fc00a2c39e90264f33305004495a9","hash":"481fdd1cb215a29088b8b3b72ad96ab0c61a4cb3"}
,"C:\\Users\\Egor\\WebstormProjects\\grade-sync\\model\\grade.js": {"path":"C:\\Users\\Egor\\WebstormProjects\\grade-sync\\model\\grade.js","statementMap":{"0":{"start":{"line":1,"column":16},"end":{"line":1,"column":34}},"1":{"start":{"line":2,"column":16},"end":{"line":2,"column":30}},"2":{"start":{"line":4,"column":13},"end":{"line":4,"column":31}},"3":{"start":{"line":6,"column":16},"end":{"line":6,"column":46}},"4":{"start":{"line":8,"column":22},"end":{"line":10,"column":1}},"5":{"start":{"line":12,"column":0},"end":{"line":14,"column":1}},"6":{"start":{"line":13,"column":1},"end":{"line":13,"column":81}},"7":{"start":{"line":16,"column":0},"end":{"line":169,"column":2}},"8":{"start":{"line":18,"column":2},"end":{"line":32,"column":35}},"9":{"start":{"line":18,"column":32},"end":{"line":32,"column":33}},"10":{"start":{"line":32,"column":15},"end":{"line":32,"column":32}},"11":{"start":{"line":36,"column":2},"end":{"line":48,"column":35}},"12":{"start":{"line":36,"column":32},"end":{"line":48,"column":33}},"13":{"start":{"line":48,"column":15},"end":{"line":48,"column":32}},"14":{"start":{"line":52,"column":2},"end":{"line":63,"column":35}},"15":{"start":{"line":52,"column":32},"end":{"line":63,"column":33}},"16":{"start":{"line":63,"column":15},"end":{"line":63,"column":32}},"17":{"start":{"line":67,"column":2},"end":{"line":83,"column":5}},"18":{"start":{"line":68,"column":19},"end":{"line":68,"column":32}},"19":{"start":{"line":69,"column":3},"end":{"line":69,"column":55}},"20":{"start":{"line":70,"column":3},"end":{"line":82,"column":35}},"21":{"start":{"line":82,"column":16},"end":{"line":82,"column":33}},"22":{"start":{"line":87,"column":2},"end":{"line":109,"column":5}},"23":{"start":{"line":88,"column":19},"end":{"line":88,"column":32}},"24":{"start":{"line":89,"column":3},"end":{"line":89,"column":55}},"25":{"start":{"line":90,"column":3},"end":{"line":108,"column":7}},"26":{"start":{"line":107,"column":5},"end":{"line":107,"column":32}},"27":{"start":{"line":113,"column":18},"end":{"line":113,"column":31}},"28":{"start":{"line":114,"column":2},"end":{"line":114,"column":54}},"29":{"start":{"line":115,"column":2},"end":{"line":131,"column":6}},"30":{"start":{"line":130,"column":4},"end":{"line":130,"column":29}},"31":{"start":{"line":135,"column":2},"end":{"line":142,"column":35}},"32":{"start":{"line":135,"column":32},"end":{"line":142,"column":33}},"33":{"start":{"line":142,"column":15},"end":{"line":142,"column":32}},"34":{"start":{"line":146,"column":2},"end":{"line":167,"column":5}},"35":{"start":{"line":147,"column":3},"end":{"line":166,"column":35}},"36":{"start":{"line":166,"column":16},"end":{"line":166,"column":33}}},"fnMap":{"0":{"name":"(anonymous_0)","decl":{"start":{"line":17,"column":1},"end":{"line":17,"column":2}},"loc":{"start":{"line":17,"column":54},"end":{"line":33,"column":2}},"line":17},"1":{"name":"(anonymous_1)","decl":{"start":{"line":18,"column":21},"end":{"line":18,"column":22}},"loc":{"start":{"line":18,"column":32},"end":{"line":32,"column":33}},"line":18},"2":{"name":"(anonymous_2)","decl":{"start":{"line":32,"column":8},"end":{"line":32,"column":9}},"loc":{"start":{"line":32,"column":15},"end":{"line":32,"column":32}},"line":32},"3":{"name":"(anonymous_3)","decl":{"start":{"line":35,"column":1},"end":{"line":35,"column":2}},"loc":{"start":{"line":35,"column":57},"end":{"line":49,"column":2}},"line":35},"4":{"name":"(anonymous_4)","decl":{"start":{"line":36,"column":21},"end":{"line":36,"column":22}},"loc":{"start":{"line":36,"column":32},"end":{"line":48,"column":33}},"line":36},"5":{"name":"(anonymous_5)","decl":{"start":{"line":48,"column":8},"end":{"line":48,"column":9}},"loc":{"start":{"line":48,"column":15},"end":{"line":48,"column":32}},"line":48},"6":{"name":"(anonymous_6)","decl":{"start":{"line":51,"column":1},"end":{"line":51,"column":2}},"loc":{"start":{"line":51,"column":38},"end":{"line":64,"column":2}},"line":51},"7":{"name":"(anonymous_7)","decl":{"start":{"line":52,"column":21},"end":{"line":52,"column":22}},"loc":{"start":{"line":52,"column":32},"end":{"line":63,"column":33}},"line":52},"8":{"name":"(anonymous_8)","decl":{"start":{"line":63,"column":8},"end":{"line":63,"column":9}},"loc":{"start":{"line":63,"column":15},"end":{"line":63,"column":32}},"line":63},"9":{"name":"(anonymous_9)","decl":{"start":{"line":66,"column":1},"end":{"line":66,"column":2}},"loc":{"start":{"line":66,"column":38},"end":{"line":84,"column":2}},"line":66},"10":{"name":"(anonymous_10)","decl":{"start":{"line":67,"column":21},"end":{"line":67,"column":22}},"loc":{"start":{"line":67,"column":34},"end":{"line":83,"column":3}},"line":67},"11":{"name":"(anonymous_11)","decl":{"start":{"line":82,"column":9},"end":{"line":82,"column":10}},"loc":{"start":{"line":82,"column":16},"end":{"line":82,"column":33}},"line":82},"12":{"name":"(anonymous_12)","decl":{"start":{"line":86,"column":1},"end":{"line":86,"column":2}},"loc":{"start":{"line":86,"column":70},"end":{"line":110,"column":2}},"line":86},"13":{"name":"(anonymous_13)","decl":{"start":{"line":87,"column":21},"end":{"line":87,"column":22}},"loc":{"start":{"line":87,"column":34},"end":{"line":109,"column":3}},"line":87},"14":{"name":"(anonymous_14)","decl":{"start":{"line":106,"column":9},"end":{"line":106,"column":10}},"loc":{"start":{"line":106,"column":18},"end":{"line":108,"column":5}},"line":106},"15":{"name":"(anonymous_15)","decl":{"start":{"line":112,"column":1},"end":{"line":112,"column":2}},"loc":{"start":{"line":112,"column":53},"end":{"line":132,"column":2}},"line":112},"16":{"name":"(anonymous_16)","decl":{"start":{"line":129,"column":8},"end":{"line":129,"column":9}},"loc":{"start":{"line":129,"column":17},"end":{"line":131,"column":4}},"line":129},"17":{"name":"(anonymous_17)","decl":{"start":{"line":134,"column":1},"end":{"line":134,"column":2}},"loc":{"start":{"line":134,"column":17},"end":{"line":143,"column":2}},"line":134},"18":{"name":"(anonymous_18)","decl":{"start":{"line":135,"column":21},"end":{"line":135,"column":22}},"loc":{"start":{"line":135,"column":32},"end":{"line":142,"column":33}},"line":135},"19":{"name":"(anonymous_19)","decl":{"start":{"line":142,"column":8},"end":{"line":142,"column":9}},"loc":{"start":{"line":142,"column":15},"end":{"line":142,"column":32}},"line":142},"20":{"name":"(anonymous_20)","decl":{"start":{"line":145,"column":1},"end":{"line":145,"column":2}},"loc":{"start":{"line":145,"column":153},"end":{"line":168,"column":2}},"line":145},"21":{"name":"(anonymous_21)","decl":{"start":{"line":146,"column":21},"end":{"line":146,"column":22}},"loc":{"start":{"line":146,"column":34},"end":{"line":167,"column":3}},"line":146},"22":{"name":"(anonymous_22)","decl":{"start":{"line":166,"column":9},"end":{"line":166,"column":10}},"loc":{"start":{"line":166,"column":16},"end":{"line":166,"column":33}},"line":166}},"branchMap":{"0":{"loc":{"start":{"line":12,"column":0},"end":{"line":14,"column":1}},"type":"if","locations":[{"start":{"line":12,"column":0},"end":{"line":14,"column":1}},{"start":{},"end":{}}],"line":12},"1":{"loc":{"start":{"line":145,"column":136},"end":{"line":145,"column":151}},"type":"default-arg","locations":[{"start":{"line":145,"column":146},"end":{"line":145,"column":151}}],"line":145}},"s":{"0":1,"1":1,"2":1,"3":1,"4":1,"5":1,"6":0,"7":1,"8":0,"9":0,"10":0,"11":0,"12":0,"13":0,"14":0,"15":0,"16":0,"17":0,"18":0,"19":0,"20":0,"21":0,"22":0,"23":0,"24":0,"25":0,"26":0,"27":0,"28":0,"29":0,"30":0,"31":0,"32":0,"33":0,"34":0,"35":0,"36":0},"f":{"0":0,"1":0,"2":0,"3":0,"4":0,"5":0,"6":0,"7":0,"8":0,"9":0,"10":0,"11":0,"12":0,"13":0,"14":0,"15":0,"16":0,"17":0,"18":0,"19":0,"20":0,"21":0,"22":0},"b":{"0":[0,1],"1":[0]},"_coverageSchema":"1a1c01bbd47fc00a2c39e90264f33305004495a9","hash":"d03ee38419fab8263bb3fddd15f35e47f343c7ae"}
,"C:\\Users\\Egor\\WebstormProjects\\grade-sync\\model\\logs.js": {"path":"C:\\Users\\Egor\\WebstormProjects\\grade-sync\\model\\logs.js","statementMap":{"0":{"start":{"line":1,"column":17},"end":{"line":1,"column":36}},"1":{"start":{"line":4,"column":18},"end":{"line":26,"column":2}},"2":{"start":{"line":46,"column":0},"end":{"line":46,"column":50}}},"fnMap":{},"branchMap":{},"s":{"0":1,"1":1,"2":1},"f":{},"b":{},"_coverageSchema":"1a1c01bbd47fc00a2c39e90264f33305004495a9","hash":"a8c5378f3198e1da9b8ba79a9804b652b5e1f019"}
,"C:\\Users\\Egor\\WebstormProjects\\grade-sync\\model\\sync-log.js": {"path":"C:\\Users\\Egor\\WebstormProjects\\grade-sync\\model\\sync-log.js","statementMap":{"0":{"start":{"line":1,"column":17},"end":{"line":1,"column":36}},"1":{"start":{"line":4,"column":22},"end":{"line":26,"column":2}},"2":{"start":{"line":29,"column":0},"end":{"line":42,"column":2}},"3":{"start":{"line":31,"column":2},"end":{"line":33,"column":3}},"4":{"start":{"line":32,"column":3},"end":{"line":32,"column":27}},"5":{"start":{"line":35,"column":2},"end":{"line":40,"column":5}},"6":{"start":{"line":45,"column":0},"end":{"line":45,"column":58}}},"fnMap":{"0":{"name":"(anonymous_0)","decl":{"start":{"line":30,"column":1},"end":{"line":30,"column":2}},"loc":{"start":{"line":30,"column":48},"end":{"line":41,"column":2}},"line":30}},"branchMap":{"0":{"loc":{"start":{"line":31,"column":2},"end":{"line":33,"column":3}},"type":"if","locations":[{"start":{"line":31,"column":2},"end":{"line":33,"column":3}},{"start":{},"end":{}}],"line":31}},"s":{"0":1,"1":1,"2":1,"3":1,"4":1,"5":1,"6":1},"f":{"0":1},"b":{"0":[1,0]},"_coverageSchema":"1a1c01bbd47fc00a2c39e90264f33305004495a9","hash":"d1852d41763427419496f631a6855a245ff47047"}
,"C:\\Users\\Egor\\WebstormProjects\\grade-sync\\model\\sync.js": {"path":"C:\\Users\\Egor\\WebstormProjects\\grade-sync\\model\\sync.js","statementMap":{"0":{"start":{"line":1,"column":17},"end":{"line":1,"column":36}},"1":{"start":{"line":2,"column":15},"end":{"line":2,"column":32}},"2":{"start":{"line":3,"column":16},"end":{"line":3,"column":36}},"3":{"start":{"line":6,"column":19},"end":{"line":23,"column":2}},"4":{"start":{"line":26,"column":0},"end":{"line":34,"column":2}},"5":{"start":{"line":28,"column":2},"end":{"line":28,"column":42}},"6":{"start":{"line":32,"column":2},"end":{"line":32,"column":61}},"7":{"start":{"line":36,"column":0},"end":{"line":45,"column":2}},"8":{"start":{"line":38,"column":2},"end":{"line":43,"column":5}},"9":{"start":{"line":47,"column":0},"end":{"line":47,"column":52}}},"fnMap":{"0":{"name":"(anonymous_0)","decl":{"start":{"line":27,"column":1},"end":{"line":27,"column":2}},"loc":{"start":{"line":27,"column":17},"end":{"line":29,"column":2}},"line":27},"1":{"name":"(anonymous_1)","decl":{"start":{"line":31,"column":1},"end":{"line":31,"column":2}},"loc":{"start":{"line":31,"column":16},"end":{"line":33,"column":2}},"line":31},"2":{"name":"(anonymous_2)","decl":{"start":{"line":37,"column":1},"end":{"line":37,"column":2}},"loc":{"start":{"line":37,"column":49},"end":{"line":44,"column":2}},"line":37}},"branchMap":{},"s":{"0":1,"1":1,"2":1,"3":1,"4":1,"5":1,"6":1,"7":1,"8":0,"9":1},"f":{"0":1,"1":1,"2":0},"b":{},"_coverageSchema":"1a1c01bbd47fc00a2c39e90264f33305004495a9","hash":"307161ebb852d9f43a43fa84ada17f9b17c864f4"}
,"C:\\Users\\Egor\\WebstormProjects\\grade-sync\\model\\soap\\index.js": {"path":"C:\\Users\\Egor\\WebstormProjects\\grade-sync\\model\\soap\\index.js","statementMap":{"0":{"start":{"line":1,"column":17},"end":{"line":1,"column":35}},"1":{"start":{"line":2,"column":20},"end":{"line":2,"column":41}},"2":{"start":{"line":3,"column":24},"end":{"line":3,"column":49}},"3":{"start":{"line":4,"column":20},"end":{"line":4,"column":41}},"4":{"start":{"line":5,"column":20},"end":{"line":5,"column":58}},"5":{"start":{"line":6,"column":18},"end":{"line":6,"column":54}},"6":{"start":{"line":7,"column":25},"end":{"line":7,"column":68}},"7":{"start":{"line":10,"column":0},"end":{"line":18,"column":2}}},"fnMap":{},"branchMap":{},"s":{"0":1,"1":1,"2":1,"3":1,"4":1,"5":1,"6":1,"7":1},"f":{},"b":{},"_coverageSchema":"1a1c01bbd47fc00a2c39e90264f33305004495a9","hash":"b2073d8134aa5267f8f47a922024e5d75062b9a3"}
,"C:\\Users\\Egor\\WebstormProjects\\grade-sync\\model\\soap\\officialForms.js": {"path":"C:\\Users\\Egor\\WebstormProjects\\grade-sync\\model\\soap\\officialForms.js","statementMap":{"0":{"start":{"line":1,"column":13},"end":{"line":1,"column":38}},"1":{"start":{"line":5,"column":1},"end":{"line":5,"column":11}},"2":{"start":{"line":9,"column":18},"end":{"line":9,"column":46}},"3":{"start":{"line":11,"column":16},"end":{"line":11,"column":31}},"4":{"start":{"line":12,"column":1},"end":{"line":14,"column":2}},"5":{"start":{"line":13,"column":2},"end":{"line":13,"column":15}},"6":{"start":{"line":17,"column":1},"end":{"line":17,"column":17}},"7":{"start":{"line":21,"column":17},"end":{"line":21,"column":19}},"8":{"start":{"line":23,"column":1},"end":{"line":159,"column":2}},"9":{"start":{"line":24,"column":22},"end":{"line":24,"column":24}},"10":{"start":{"line":25,"column":2},"end":{"line":151,"column":3}},"11":{"start":{"line":26,"column":23},"end":{"line":26,"column":25}},"12":{"start":{"line":27,"column":3},"end":{"line":134,"column":4}},"13":{"start":{"line":28,"column":27},"end":{"line":28,"column":75}},"14":{"start":{"line":34,"column":22},"end":{"line":39,"column":5}},"15":{"start":{"line":40,"column":4},"end":{"line":48,"column":5}},"16":{"start":{"line":41,"column":21},"end":{"line":41,"column":44}},"17":{"start":{"line":42,"column":5},"end":{"line":44,"column":6}},"18":{"start":{"line":43,"column":6},"end":{"line":43,"column":21}},"19":{"start":{"line":45,"column":5},"end":{"line":45,"column":45}},"20":{"start":{"line":47,"column":5},"end":{"line":47,"column":38}},"21":{"start":{"line":53,"column":4},"end":{"line":53,"column":63}},"22":{"start":{"line":54,"column":4},"end":{"line":57,"column":5}},"23":{"start":{"line":56,"column":5},"end":{"line":56,"column":39}},"24":{"start":{"line":58,"column":4},"end":{"line":62,"column":5}},"25":{"start":{"line":59,"column":5},"end":{"line":59,"column":56}},"26":{"start":{"line":61,"column":5},"end":{"line":61,"column":185}},"27":{"start":{"line":63,"column":4},"end":{"line":67,"column":5}},"28":{"start":{"line":64,"column":5},"end":{"line":64,"column":56}},"29":{"start":{"line":66,"column":5},"end":{"line":66,"column":35}},"30":{"start":{"line":68,"column":4},"end":{"line":79,"column":5}},"31":{"start":{"line":69,"column":21},"end":{"line":69,"column":43}},"32":{"start":{"line":70,"column":5},"end":{"line":72,"column":6}},"33":{"start":{"line":71,"column":6},"end":{"line":71,"column":21}},"34":{"start":{"line":73,"column":5},"end":{"line":75,"column":6}},"35":{"start":{"line":74,"column":6},"end":{"line":74,"column":21}},"36":{"start":{"line":76,"column":5},"end":{"line":76,"column":41}},"37":{"start":{"line":78,"column":5},"end":{"line":78,"column":34}},"38":{"start":{"line":80,"column":20},"end":{"line":80,"column":94}},"39":{"start":{"line":81,"column":4},"end":{"line":83,"column":5}},"40":{"start":{"line":82,"column":5},"end":{"line":82,"column":49}},"41":{"start":{"line":84,"column":4},"end":{"line":88,"column":5}},"42":{"start":{"line":85,"column":5},"end":{"line":85,"column":66}},"43":{"start":{"line":87,"column":5},"end":{"line":87,"column":45}},"44":{"start":{"line":89,"column":4},"end":{"line":93,"column":5}},"45":{"start":{"line":90,"column":5},"end":{"line":90,"column":64}},"46":{"start":{"line":92,"column":5},"end":{"line":92,"column":44}},"47":{"start":{"line":94,"column":4},"end":{"line":102,"column":5}},"48":{"start":{"line":95,"column":5},"end":{"line":99,"column":6}},"49":{"start":{"line":96,"column":6},"end":{"line":96,"column":61}},"50":{"start":{"line":98,"column":6},"end":{"line":98,"column":61}},"51":{"start":{"line":101,"column":5},"end":{"line":101,"column":60}},"52":{"start":{"line":103,"column":4},"end":{"line":107,"column":5}},"53":{"start":{"line":104,"column":5},"end":{"line":104,"column":66}},"54":{"start":{"line":106,"column":5},"end":{"line":106,"column":45}},"55":{"start":{"line":108,"column":4},"end":{"line":112,"column":5}},"56":{"start":{"line":109,"column":5},"end":{"line":109,"column":64}},"57":{"start":{"line":111,"column":5},"end":{"line":111,"column":44}},"58":{"start":{"line":113,"column":4},"end":{"line":121,"column":5}},"59":{"start":{"line":114,"column":5},"end":{"line":118,"column":6}},"60":{"start":{"line":115,"column":6},"end":{"line":115,"column":62}},"61":{"start":{"line":117,"column":6},"end":{"line":117,"column":61}},"62":{"start":{"line":120,"column":5},"end":{"line":120,"column":61}},"63":{"start":{"line":122,"column":4},"end":{"line":122,"column":55}},"64":{"start":{"line":123,"column":4},"end":{"line":123,"column":50}},"65":{"start":{"line":124,"column":4},"end":{"line":132,"column":5}},"66":{"start":{"line":125,"column":5},"end":{"line":125,"column":38}},"67":{"start":{"line":126,"column":5},"end":{"line":126,"column":34}},"68":{"start":{"line":127,"column":5},"end":{"line":127,"column":34}},"69":{"start":{"line":128,"column":5},"end":{"line":128,"column":45}},"70":{"start":{"line":129,"column":5},"end":{"line":129,"column":44}},"71":{"start":{"line":130,"column":5},"end":{"line":130,"column":45}},"72":{"start":{"line":131,"column":5},"end":{"line":131,"column":44}},"73":{"start":{"line":133,"column":4},"end":{"line":133,"column":34}},"74":{"start":{"line":136,"column":31},"end":{"line":136,"column":40}},"75":{"start":{"line":137,"column":3},"end":{"line":143,"column":4}},"76":{"start":{"line":138,"column":4},"end":{"line":138,"column":38}},"77":{"start":{"line":139,"column":10},"end":{"line":143,"column":4}},"78":{"start":{"line":140,"column":4},"end":{"line":140,"column":36}},"79":{"start":{"line":142,"column":4},"end":{"line":142,"column":55}},"80":{"start":{"line":144,"column":3},"end":{"line":150,"column":6}},"81":{"start":{"line":152,"column":2},"end":{"line":158,"column":5}},"82":{"start":{"line":161,"column":16},"end":{"line":163,"column":2}},"83":{"start":{"line":164,"column":1},"end":{"line":164,"column":15}},"84":{"start":{"line":168,"column":1},"end":{"line":170,"column":2}},"85":{"start":{"line":169,"column":2},"end":{"line":169,"column":16}},"86":{"start":{"line":171,"column":1},"end":{"line":194,"column":2}},"87":{"start":{"line":172,"column":2},"end":{"line":187,"column":3}},"88":{"start":{"line":173,"column":3},"end":{"line":175,"column":5}},"89":{"start":{"line":174,"column":31},"end":{"line":174,"column":68}},"90":{"start":{"line":177,"column":9},"end":{"line":187,"column":3}},"91":{"start":{"line":178,"column":3},"end":{"line":180,"column":5}},"92":{"start":{"line":182,"column":22},"end":{"line":185,"column":10}},"93":{"start":{"line":182,"column":47},"end":{"line":185,"column":4}},"94":{"start":{"line":186,"column":3},"end":{"line":186,"column":21}},"95":{"start":{"line":188,"column":8},"end":{"line":194,"column":2}},"96":{"start":{"line":189,"column":2},"end":{"line":191,"column":4}},"97":{"start":{"line":193,"column":2},"end":{"line":193,"column":16}},"98":{"start":{"line":197,"column":0},"end":{"line":317,"column":2}},"99":{"start":{"line":199,"column":22},"end":{"line":199,"column":110}},"100":{"start":{"line":200,"column":19},"end":{"line":200,"column":21}},"101":{"start":{"line":201,"column":2},"end":{"line":225,"column":3}},"102":{"start":{"line":202,"column":3},"end":{"line":212,"column":5}},"103":{"start":{"line":214,"column":3},"end":{"line":224,"column":5}},"104":{"start":{"line":226,"column":23},"end":{"line":226,"column":68}},"105":{"start":{"line":228,"column":2},"end":{"line":228,"column":22}},"106":{"start":{"line":232,"column":2},"end":{"line":283,"column":3}},"107":{"start":{"line":233,"column":3},"end":{"line":280,"column":4}},"108":{"start":{"line":235,"column":15},"end":{"line":235,"column":80}},"109":{"start":{"line":237,"column":20},"end":{"line":237,"column":40}},"110":{"start":{"line":238,"column":15},"end":{"line":238,"column":35}},"111":{"start":{"line":239,"column":19},"end":{"line":239,"column":43}},"112":{"start":{"line":240,"column":16},"end":{"line":240,"column":37}},"113":{"start":{"line":241,"column":17},"end":{"line":241,"column":39}},"114":{"start":{"line":242,"column":21},"end":{"line":242,"column":49}},"115":{"start":{"line":243,"column":16},"end":{"line":243,"column":40}},"116":{"start":{"line":244,"column":4},"end":{"line":244,"column":27}},"117":{"start":{"line":245,"column":4},"end":{"line":245,"column":23}},"118":{"start":{"line":246,"column":4},"end":{"line":246,"column":26}},"119":{"start":{"line":247,"column":4},"end":{"line":247,"column":22}},"120":{"start":{"line":248,"column":24},"end":{"line":248,"column":62}},"121":{"start":{"line":249,"column":21},"end":{"line":249,"column":23}},"122":{"start":{"line":250,"column":4},"end":{"line":274,"column":5}},"123":{"start":{"line":251,"column":5},"end":{"line":261,"column":7}},"124":{"start":{"line":263,"column":5},"end":{"line":273,"column":7}},"125":{"start":{"line":276,"column":24},"end":{"line":276,"column":75}},"126":{"start":{"line":277,"column":25},"end":{"line":277,"column":70}},"127":{"start":{"line":278,"column":4},"end":{"line":278,"column":37}},"128":{"start":{"line":279,"column":4},"end":{"line":279,"column":24}},"129":{"start":{"line":282,"column":3},"end":{"line":282,"column":20}},"130":{"start":{"line":287,"column":22},"end":{"line":287,"column":110}},"131":{"start":{"line":288,"column":19},"end":{"line":288,"column":21}},"132":{"start":{"line":289,"column":2},"end":{"line":313,"column":3}},"133":{"start":{"line":290,"column":3},"end":{"line":300,"column":5}},"134":{"start":{"line":302,"column":3},"end":{"line":312,"column":5}},"135":{"start":{"line":314,"column":23},"end":{"line":314,"column":74}},"136":{"start":{"line":315,"column":2},"end":{"line":315,"column":22}}},"fnMap":{"0":{"name":"processFormErrors","decl":{"start":{"line":4,"column":9},"end":{"line":4,"column":26}},"loc":{"start":{"line":4,"column":43},"end":{"line":6,"column":1}},"line":4},"1":{"name":"processResponse","decl":{"start":{"line":8,"column":9},"end":{"line":8,"column":24}},"loc":{"start":{"line":8,"column":39},"end":{"line":18,"column":1}},"line":8},"2":{"name":"processFormContent","decl":{"start":{"line":20,"column":9},"end":{"line":20,"column":27}},"loc":{"start":{"line":20,"column":59},"end":{"line":165,"column":1}},"line":20},"3":{"name":"arraysToJSON","decl":{"start":{"line":167,"column":9},"end":{"line":167,"column":21}},"loc":{"start":{"line":167,"column":35},"end":{"line":195,"column":1}},"line":167},"4":{"name":"(anonymous_4)","decl":{"start":{"line":174,"column":26},"end":{"line":174,"column":27}},"loc":{"start":{"line":174,"column":31},"end":{"line":174,"column":68}},"line":174},"5":{"name":"(anonymous_5)","decl":{"start":{"line":182,"column":36},"end":{"line":182,"column":37}},"loc":{"start":{"line":182,"column":47},"end":{"line":185,"column":4}},"line":182},"6":{"name":"(anonymous_6)","decl":{"start":{"line":198,"column":1},"end":{"line":198,"column":2}},"loc":{"start":{"line":198,"column":82},"end":{"line":229,"column":2}},"line":198},"7":{"name":"(anonymous_7)","decl":{"start":{"line":231,"column":1},"end":{"line":231,"column":2}},"loc":{"start":{"line":231,"column":33},"end":{"line":284,"column":2}},"line":231},"8":{"name":"(anonymous_8)","decl":{"start":{"line":286,"column":1},"end":{"line":286,"column":2}},"loc":{"start":{"line":286,"column":87},"end":{"line":316,"column":2}},"line":286}},"branchMap":{"0":{"loc":{"start":{"line":12,"column":1},"end":{"line":14,"column":2}},"type":"if","locations":[{"start":{"line":12,"column":1},"end":{"line":14,"column":2}},{"start":{},"end":{}}],"line":12},"1":{"loc":{"start":{"line":40,"column":4},"end":{"line":48,"column":5}},"type":"if","locations":[{"start":{"line":40,"column":4},"end":{"line":48,"column":5}},{"start":{"line":46,"column":11},"end":{"line":48,"column":5}}],"line":40},"2":{"loc":{"start":{"line":42,"column":5},"end":{"line":44,"column":6}},"type":"if","locations":[{"start":{"line":42,"column":5},"end":{"line":44,"column":6}},{"start":{},"end":{}}],"line":42},"3":{"loc":{"start":{"line":54,"column":4},"end":{"line":57,"column":5}},"type":"if","locations":[{"start":{"line":54,"column":4},"end":{"line":57,"column":5}},{"start":{},"end":{}}],"line":54},"4":{"loc":{"start":{"line":54,"column":8},"end":{"line":55,"column":82}},"type":"binary-expr","locations":[{"start":{"line":54,"column":9},"end":{"line":54,"column":40}},{"start":{"line":54,"column":46},"end":{"line":54,"column":77}},{"start":{"line":54,"column":83},"end":{"line":54,"column":114}},{"start":{"line":55,"column":12},"end":{"line":55,"column":44}},{"start":{"line":55,"column":49},"end":{"line":55,"column":81}}],"line":54},"5":{"loc":{"start":{"line":58,"column":4},"end":{"line":62,"column":5}},"type":"if","locations":[{"start":{"line":58,"column":4},"end":{"line":62,"column":5}},{"start":{"line":60,"column":11},"end":{"line":62,"column":5}}],"line":58},"6":{"loc":{"start":{"line":61,"column":32},"end":{"line":61,"column":184}},"type":"cond-expr","locations":[{"start":{"line":61,"column":68},"end":{"line":61,"column":92}},{"start":{"line":61,"column":96},"end":{"line":61,"column":183}}],"line":61},"7":{"loc":{"start":{"line":61,"column":96},"end":{"line":61,"column":183}},"type":"cond-expr","locations":[{"start":{"line":61,"column":132},"end":{"line":61,"column":156}},{"start":{"line":61,"column":159},"end":{"line":61,"column":183}}],"line":61},"8":{"loc":{"start":{"line":63,"column":4},"end":{"line":67,"column":5}},"type":"if","locations":[{"start":{"line":63,"column":4},"end":{"line":67,"column":5}},{"start":{"line":65,"column":11},"end":{"line":67,"column":5}}],"line":63},"9":{"loc":{"start":{"line":68,"column":4},"end":{"line":79,"column":5}},"type":"if","locations":[{"start":{"line":68,"column":4},"end":{"line":79,"column":5}},{"start":{"line":77,"column":11},"end":{"line":79,"column":5}}],"line":68},"10":{"loc":{"start":{"line":70,"column":5},"end":{"line":72,"column":6}},"type":"if","locations":[{"start":{"line":70,"column":5},"end":{"line":72,"column":6}},{"start":{},"end":{}}],"line":70},"11":{"loc":{"start":{"line":73,"column":5},"end":{"line":75,"column":6}},"type":"if","locations":[{"start":{"line":73,"column":5},"end":{"line":75,"column":6}},{"start":{},"end":{}}],"line":73},"12":{"loc":{"start":{"line":81,"column":4},"end":{"line":83,"column":5}},"type":"if","locations":[{"start":{"line":81,"column":4},"end":{"line":83,"column":5}},{"start":{},"end":{}}],"line":81},"13":{"loc":{"start":{"line":84,"column":4},"end":{"line":88,"column":5}},"type":"if","locations":[{"start":{"line":84,"column":4},"end":{"line":88,"column":5}},{"start":{"line":86,"column":11},"end":{"line":88,"column":5}}],"line":84},"14":{"loc":{"start":{"line":89,"column":4},"end":{"line":93,"column":5}},"type":"if","locations":[{"start":{"line":89,"column":4},"end":{"line":93,"column":5}},{"start":{"line":91,"column":11},"end":{"line":93,"column":5}}],"line":89},"15":{"loc":{"start":{"line":94,"column":4},"end":{"line":102,"column":5}},"type":"if","locations":[{"start":{"line":94,"column":4},"end":{"line":102,"column":5}},{"start":{"line":100,"column":10},"end":{"line":102,"column":5}}],"line":94},"16":{"loc":{"start":{"line":95,"column":5},"end":{"line":99,"column":6}},"type":"if","locations":[{"start":{"line":95,"column":5},"end":{"line":99,"column":6}},{"start":{"line":97,"column":12},"end":{"line":99,"column":6}}],"line":95},"17":{"loc":{"start":{"line":95,"column":9},"end":{"line":95,"column":115}},"type":"binary-expr","locations":[{"start":{"line":95,"column":10},"end":{"line":95,"column":42}},{"start":{"line":95,"column":48},"end":{"line":95,"column":78}},{"start":{"line":95,"column":84},"end":{"line":95,"column":114}}],"line":95},"18":{"loc":{"start":{"line":103,"column":4},"end":{"line":107,"column":5}},"type":"if","locations":[{"start":{"line":103,"column":4},"end":{"line":107,"column":5}},{"start":{"line":105,"column":11},"end":{"line":107,"column":5}}],"line":103},"19":{"loc":{"start":{"line":108,"column":4},"end":{"line":112,"column":5}},"type":"if","locations":[{"start":{"line":108,"column":4},"end":{"line":112,"column":5}},{"start":{"line":110,"column":11},"end":{"line":112,"column":5}}],"line":108},"20":{"loc":{"start":{"line":113,"column":4},"end":{"line":121,"column":5}},"type":"if","locations":[{"start":{"line":113,"column":4},"end":{"line":121,"column":5}},{"start":{"line":119,"column":11},"end":{"line":121,"column":5}}],"line":113},"21":{"loc":{"start":{"line":114,"column":5},"end":{"line":118,"column":6}},"type":"if","locations":[{"start":{"line":114,"column":5},"end":{"line":118,"column":6}},{"start":{"line":116,"column":12},"end":{"line":118,"column":6}}],"line":114},"22":{"loc":{"start":{"line":114,"column":9},"end":{"line":114,"column":115}},"type":"binary-expr","locations":[{"start":{"line":114,"column":10},"end":{"line":114,"column":42}},{"start":{"line":114,"column":48},"end":{"line":114,"column":78}},{"start":{"line":114,"column":84},"end":{"line":114,"column":114}}],"line":114},"23":{"loc":{"start":{"line":124,"column":4},"end":{"line":132,"column":5}},"type":"if","locations":[{"start":{"line":124,"column":4},"end":{"line":132,"column":5}},{"start":{},"end":{}}],"line":124},"24":{"loc":{"start":{"line":137,"column":3},"end":{"line":143,"column":4}},"type":"if","locations":[{"start":{"line":137,"column":3},"end":{"line":143,"column":4}},{"start":{"line":139,"column":10},"end":{"line":143,"column":4}}],"line":137},"25":{"loc":{"start":{"line":139,"column":10},"end":{"line":143,"column":4}},"type":"if","locations":[{"start":{"line":139,"column":10},"end":{"line":143,"column":4}},{"start":{"line":141,"column":10},"end":{"line":143,"column":4}}],"line":139},"26":{"loc":{"start":{"line":168,"column":1},"end":{"line":170,"column":2}},"type":"if","locations":[{"start":{"line":168,"column":1},"end":{"line":170,"column":2}},{"start":{},"end":{}}],"line":168},"27":{"loc":{"start":{"line":168,"column":5},"end":{"line":168,"column":44}},"type":"binary-expr","locations":[{"start":{"line":168,"column":5},"end":{"line":168,"column":25}},{"start":{"line":168,"column":29},"end":{"line":168,"column":44}}],"line":168},"28":{"loc":{"start":{"line":171,"column":1},"end":{"line":194,"column":2}},"type":"if","locations":[{"start":{"line":171,"column":1},"end":{"line":194,"column":2}},{"start":{"line":188,"column":8},"end":{"line":194,"column":2}}],"line":171},"29":{"loc":{"start":{"line":172,"column":2},"end":{"line":187,"column":3}},"type":"if","locations":[{"start":{"line":172,"column":2},"end":{"line":187,"column":3}},{"start":{"line":177,"column":9},"end":{"line":187,"column":3}}],"line":172},"30":{"loc":{"start":{"line":177,"column":9},"end":{"line":187,"column":3}},"type":"if","locations":[{"start":{"line":177,"column":9},"end":{"line":187,"column":3}},{"start":{"line":181,"column":9},"end":{"line":187,"column":3}}],"line":177},"31":{"loc":{"start":{"line":188,"column":8},"end":{"line":194,"column":2}},"type":"if","locations":[{"start":{"line":188,"column":8},"end":{"line":194,"column":2}},{"start":{"line":192,"column":8},"end":{"line":194,"column":2}}],"line":188},"32":{"loc":{"start":{"line":201,"column":2},"end":{"line":225,"column":3}},"type":"if","locations":[{"start":{"line":201,"column":2},"end":{"line":225,"column":3}},{"start":{"line":213,"column":9},"end":{"line":225,"column":3}}],"line":201},"33":{"loc":{"start":{"line":233,"column":3},"end":{"line":280,"column":4}},"type":"if","locations":[{"start":{"line":233,"column":3},"end":{"line":280,"column":4}},{"start":{},"end":{}}],"line":233},"34":{"loc":{"start":{"line":250,"column":4},"end":{"line":274,"column":5}},"type":"if","locations":[{"start":{"line":250,"column":4},"end":{"line":274,"column":5}},{"start":{"line":262,"column":11},"end":{"line":274,"column":5}}],"line":250},"35":{"loc":{"start":{"line":289,"column":2},"end":{"line":313,"column":3}},"type":"if","locations":[{"start":{"line":289,"column":2},"end":{"line":313,"column":3}},{"start":{"line":301,"column":9},"end":{"line":313,"column":3}}],"line":289}},"s":{"0":1,"1":0,"2":0,"3":0,"4":0,"5":0,"6":0,"7":0,"8":0,"9":0,"10":0,"11":0,"12":0,"13":0,"14":0,"15":0,"16":0,"17":0,"18":0,"19":0,"20":0,"21":0,"22":0,"23":0,"24":0,"25":0,"26":0,"27":0,"28":0,"29":0,"30":0,"31":0,"32":0,"33":0,"34":0,"35":0,"36":0,"37":0,"38":0,"39":0,"40":0,"41":0,"42":0,"43":0,"44":0,"45":0,"46":0,"47":0,"48":0,"49":0,"50":0,"51":0,"52":0,"53":0,"54":0,"55":0,"56":0,"57":0,"58":0,"59":0,"60":0,"61":0,"62":0,"63":0,"64":0,"65":0,"66":0,"67":0,"68":0,"69":0,"70":0,"71":0,"72":0,"73":0,"74":0,"75":0,"76":0,"77":0,"78":0,"79":0,"80":0,"81":0,"82":0,"83":0,"84":0,"85":0,"86":0,"87":0,"88":0,"89":0,"90":0,"91":0,"92":0,"93":0,"94":0,"95":0,"96":0,"97":0,"98":1,"99":0,"100":0,"101":0,"102":0,"103":0,"104":0,"105":0,"106":0,"107":0,"108":0,"109":0,"110":0,"111":0,"112":0,"113":0,"114":0,"115":0,"116":0,"117":0,"118":0,"119":0,"120":0,"121":0,"122":0,"123":0,"124":0,"125":0,"126":0,"127":0,"128":0,"129":0,"130":0,"131":0,"132":0,"133":0,"134":0,"135":0,"136":0},"f":{"0":0,"1":0,"2":0,"3":0,"4":0,"5":0,"6":0,"7":0,"8":0},"b":{"0":[0,0],"1":[0,0],"2":[0,0],"3":[0,0],"4":[0,0,0,0,0],"5":[0,0],"6":[0,0],"7":[0,0],"8":[0,0],"9":[0,0],"10":[0,0],"11":[0,0],"12":[0,0],"13":[0,0],"14":[0,0],"15":[0,0],"16":[0,0],"17":[0,0,0],"18":[0,0],"19":[0,0],"20":[0,0],"21":[0,0],"22":[0,0,0],"23":[0,0],"24":[0,0],"25":[0,0],"26":[0,0],"27":[0,0],"28":[0,0],"29":[0,0],"30":[0,0],"31":[0,0],"32":[0,0],"33":[0,0],"34":[0,0],"35":[0,0]},"_coverageSchema":"1a1c01bbd47fc00a2c39e90264f33305004495a9","hash":"d1d54a15cea9f0819428e6cbf331635d973d94cc"}
,"C:\\Users\\Egor\\WebstormProjects\\grade-sync\\model\\soap\\students.js": {"path":"C:\\Users\\Egor\\WebstormProjects\\grade-sync\\model\\soap\\students.js","statementMap":{"0":{"start":{"line":1,"column":13},"end":{"line":1,"column":38}},"1":{"start":{"line":5,"column":1},"end":{"line":15,"column":3}},"2":{"start":{"line":19,"column":1},"end":{"line":25,"column":3}},"3":{"start":{"line":29,"column":18},"end":{"line":29,"column":46}},"4":{"start":{"line":31,"column":16},"end":{"line":31,"column":31}},"5":{"start":{"line":32,"column":1},"end":{"line":34,"column":2}},"6":{"start":{"line":33,"column":2},"end":{"line":33,"column":15}},"7":{"start":{"line":36,"column":1},"end":{"line":36,"column":72}},"8":{"start":{"line":40,"column":0},"end":{"line":47,"column":2}},"9":{"start":{"line":41,"column":22},"end":{"line":45,"column":3}},"10":{"start":{"line":46,"column":1},"end":{"line":46,"column":38}}},"fnMap":{"0":{"name":"processRecordBook","decl":{"start":{"line":4,"column":9},"end":{"line":4,"column":26}},"loc":{"start":{"line":4,"column":43},"end":{"line":16,"column":1}},"line":4},"1":{"name":"processStudent","decl":{"start":{"line":18,"column":9},"end":{"line":18,"column":23}},"loc":{"start":{"line":18,"column":37},"end":{"line":26,"column":1}},"line":18},"2":{"name":"processResponse","decl":{"start":{"line":28,"column":9},"end":{"line":28,"column":24}},"loc":{"start":{"line":28,"column":39},"end":{"line":37,"column":1}},"line":28},"3":{"name":"(anonymous_3)","decl":{"start":{"line":40,"column":17},"end":{"line":40,"column":18}},"loc":{"start":{"line":40,"column":62},"end":{"line":47,"column":1}},"line":40}},"branchMap":{"0":{"loc":{"start":{"line":32,"column":1},"end":{"line":34,"column":2}},"type":"if","locations":[{"start":{"line":32,"column":1},"end":{"line":34,"column":2}},{"start":{},"end":{}}],"line":32}},"s":{"0":1,"1":0,"2":0,"3":0,"4":0,"5":0,"6":0,"7":0,"8":1,"9":0,"10":0},"f":{"0":0,"1":0,"2":0,"3":0},"b":{"0":[0,0]},"_coverageSchema":"1a1c01bbd47fc00a2c39e90264f33305004495a9","hash":"5d0bd3f02c221a080b4a154aa345a40681c0e809"}
,"C:\\Users\\Egor\\WebstormProjects\\grade-sync\\model\\soap\\subdivisions.js": {"path":"C:\\Users\\Egor\\WebstormProjects\\grade-sync\\model\\soap\\subdivisions.js","statementMap":{"0":{"start":{"line":1,"column":13},"end":{"line":1,"column":38}},"1":{"start":{"line":5,"column":1},"end":{"line":9,"column":3}},"2":{"start":{"line":13,"column":18},"end":{"line":13,"column":46}},"3":{"start":{"line":15,"column":16},"end":{"line":15,"column":31}},"4":{"start":{"line":16,"column":1},"end":{"line":18,"column":2}},"5":{"start":{"line":17,"column":2},"end":{"line":17,"column":15}},"6":{"start":{"line":20,"column":1},"end":{"line":20,"column":84}},"7":{"start":{"line":24,"column":0},"end":{"line":27,"column":2}},"8":{"start":{"line":25,"column":22},"end":{"line":25,"column":60}},"9":{"start":{"line":26,"column":1},"end":{"line":26,"column":38}}},"fnMap":{"0":{"name":"processSubdivision","decl":{"start":{"line":4,"column":9},"end":{"line":4,"column":27}},"loc":{"start":{"line":4,"column":45},"end":{"line":10,"column":1}},"line":4},"1":{"name":"processResponse","decl":{"start":{"line":12,"column":9},"end":{"line":12,"column":24}},"loc":{"start":{"line":12,"column":39},"end":{"line":21,"column":1}},"line":12},"2":{"name":"(anonymous_2)","decl":{"start":{"line":24,"column":17},"end":{"line":24,"column":18}},"loc":{"start":{"line":24,"column":29},"end":{"line":27,"column":1}},"line":24}},"branchMap":{"0":{"loc":{"start":{"line":16,"column":1},"end":{"line":18,"column":2}},"type":"if","locations":[{"start":{"line":16,"column":1},"end":{"line":18,"column":2}},{"start":{},"end":{}}],"line":16}},"s":{"0":1,"1":0,"2":0,"3":0,"4":0,"5":0,"6":0,"7":1,"8":0,"9":0},"f":{"0":0,"1":0,"2":0},"b":{"0":[0,0]},"_coverageSchema":"1a1c01bbd47fc00a2c39e90264f33305004495a9","hash":"a0f14540b4dfdf372e3d270b29f8417cd8c92716"}
,"C:\\Users\\Egor\\WebstormProjects\\grade-sync\\model\\soap\\teachers.js": {"path":"C:\\Users\\Egor\\WebstormProjects\\grade-sync\\model\\soap\\teachers.js","statementMap":{"0":{"start":{"line":1,"column":13},"end":{"line":1,"column":38}},"1":{"start":{"line":5,"column":1},"end":{"line":13,"column":3}},"2":{"start":{"line":17,"column":1},"end":{"line":20,"column":3}},"3":{"start":{"line":24,"column":18},"end":{"line":24,"column":46}},"4":{"start":{"line":26,"column":16},"end":{"line":26,"column":31}},"5":{"start":{"line":27,"column":1},"end":{"line":29,"column":2}},"6":{"start":{"line":28,"column":2},"end":{"line":28,"column":15}},"7":{"start":{"line":31,"column":21},"end":{"line":31,"column":93}},"8":{"start":{"line":33,"column":1},"end":{"line":36,"column":6}},"9":{"start":{"line":33,"column":51},"end":{"line":36,"column":3}},"10":{"start":{"line":34,"column":2},"end":{"line":34,"column":55}},"11":{"start":{"line":35,"column":2},"end":{"line":35,"column":17}},"12":{"start":{"line":40,"column":0},"end":{"line":47,"column":2}},"13":{"start":{"line":41,"column":22},"end":{"line":45,"column":3}},"14":{"start":{"line":46,"column":1},"end":{"line":46,"column":38}}},"fnMap":{"0":{"name":"processTeacher","decl":{"start":{"line":4,"column":9},"end":{"line":4,"column":23}},"loc":{"start":{"line":4,"column":37},"end":{"line":14,"column":1}},"line":4},"1":{"name":"processDepartment","decl":{"start":{"line":16,"column":9},"end":{"line":16,"column":26}},"loc":{"start":{"line":16,"column":43},"end":{"line":21,"column":1}},"line":16},"2":{"name":"processResponse","decl":{"start":{"line":23,"column":9},"end":{"line":23,"column":24}},"loc":{"start":{"line":23,"column":39},"end":{"line":37,"column":1}},"line":23},"3":{"name":"(anonymous_3)","decl":{"start":{"line":33,"column":37},"end":{"line":33,"column":38}},"loc":{"start":{"line":33,"column":51},"end":{"line":36,"column":3}},"line":33},"4":{"name":"(anonymous_4)","decl":{"start":{"line":33,"column":75},"end":{"line":33,"column":76}},"loc":{"start":{"line":33,"column":88},"end":{"line":36,"column":2}},"line":33},"5":{"name":"(anonymous_5)","decl":{"start":{"line":40,"column":17},"end":{"line":40,"column":18}},"loc":{"start":{"line":40,"column":62},"end":{"line":47,"column":1}},"line":40}},"branchMap":{"0":{"loc":{"start":{"line":27,"column":1},"end":{"line":29,"column":2}},"type":"if","locations":[{"start":{"line":27,"column":1},"end":{"line":29,"column":2}},{"start":{},"end":{}}],"line":27}},"s":{"0":1,"1":0,"2":0,"3":0,"4":0,"5":0,"6":0,"7":0,"8":0,"9":0,"10":0,"11":0,"12":1,"13":0,"14":0},"f":{"0":0,"1":0,"2":0,"3":0,"4":0,"5":0},"b":{"0":[0,0]},"_coverageSchema":"1a1c01bbd47fc00a2c39e90264f33305004495a9","hash":"61bdf0f029478a852caf7c18829117464c0ef61e"}
,"C:\\Users\\Egor\\WebstormProjects\\grade-sync\\routes\\api\\syncPlans.js": {"path":"C:\\Users\\Egor\\WebstormProjects\\grade-sync\\routes\\api\\syncPlans.js","statementMap":{"0":{"start":{"line":1,"column":15},"end":{"line":1,"column":42}},"1":{"start":{"line":2,"column":13},"end":{"line":2,"column":40}},"2":{"start":{"line":3,"column":16},"end":{"line":3,"column":47}},"3":{"start":{"line":4,"column":13},"end":{"line":4,"column":40}},"4":{"start":{"line":5,"column":14},"end":{"line":5,"column":42}},"5":{"start":{"line":6,"column":20},"end":{"line":6,"column":54}},"6":{"start":{"line":7,"column":16},"end":{"line":7,"column":35}},"7":{"start":{"line":8,"column":15},"end":{"line":8,"column":32}},"8":{"start":{"line":10,"column":23},"end":{"line":36,"column":1}},"9":{"start":{"line":11,"column":1},"end":{"line":35,"column":22}},"10":{"start":{"line":38,"column":28},"end":{"line":52,"column":1}},"11":{"start":{"line":39,"column":1},"end":{"line":39,"column":37}},"12":{"start":{"line":39,"column":24},"end":{"line":39,"column":37}},"13":{"start":{"line":41,"column":28},"end":{"line":41,"column":55}},"14":{"start":{"line":42,"column":1},"end":{"line":50,"column":2}},"15":{"start":{"line":42,"column":14},"end":{"line":42,"column":15}},"16":{"start":{"line":43,"column":14},"end":{"line":43,"column":35}},"17":{"start":{"line":44,"column":2},"end":{"line":49,"column":117}},"18":{"start":{"line":45,"column":3},"end":{"line":45,"column":80}},"19":{"start":{"line":45,"column":67},"end":{"line":45,"column":80}},"20":{"start":{"line":46,"column":3},"end":{"line":48,"column":4}},"21":{"start":{"line":46,"column":16},"end":{"line":46,"column":17}},"22":{"start":{"line":47,"column":4},"end":{"line":47,"column":93}},"23":{"start":{"line":47,"column":80},"end":{"line":47,"column":93}},"24":{"start":{"line":49,"column":9},"end":{"line":49,"column":117}},"25":{"start":{"line":49,"column":104},"end":{"line":49,"column":117}},"26":{"start":{"line":51,"column":1},"end":{"line":51,"column":13}},"27":{"start":{"line":54,"column":23},"end":{"line":128,"column":1}},"28":{"start":{"line":55,"column":1},"end":{"line":55,"column":41}},"29":{"start":{"line":57,"column":20},"end":{"line":60,"column":12}},"30":{"start":{"line":62,"column":1},"end":{"line":127,"column":4}},"31":{"start":{"line":63,"column":18},"end":{"line":63,"column":38}},"32":{"start":{"line":64,"column":23},"end":{"line":64,"column":48}},"33":{"start":{"line":66,"column":2},"end":{"line":126,"column":3}},"34":{"start":{"line":67,"column":3},"end":{"line":73,"column":29}},"35":{"start":{"line":75,"column":21},"end":{"line":75,"column":109}},"36":{"start":{"line":76,"column":3},"end":{"line":76,"column":72}},"37":{"start":{"line":78,"column":27},"end":{"line":78,"column":29}},"38":{"start":{"line":79,"column":3},"end":{"line":97,"column":6}},"39":{"start":{"line":80,"column":4},"end":{"line":96,"column":8}},"40":{"start":{"line":80,"column":47},"end":{"line":96,"column":6}},"41":{"start":{"line":98,"column":3},"end":{"line":98,"column":84}},"42":{"start":{"line":100,"column":28},"end":{"line":102,"column":12}},"43":{"start":{"line":103,"column":3},"end":{"line":103,"column":86}},"44":{"start":{"line":105,"column":3},"end":{"line":114,"column":6}},"45":{"start":{"line":106,"column":28},"end":{"line":109,"column":71}},"46":{"start":{"line":107,"column":5},"end":{"line":109,"column":70}},"47":{"start":{"line":111,"column":4},"end":{"line":113,"column":5}},"48":{"start":{"line":112,"column":5},"end":{"line":112,"column":89}},"49":{"start":{"line":116,"column":3},"end":{"line":122,"column":28}},"50":{"start":{"line":124,"column":3},"end":{"line":124,"column":58}},"51":{"start":{"line":125,"column":3},"end":{"line":125,"column":21}},"52":{"start":{"line":130,"column":23},"end":{"line":213,"column":1}},"53":{"start":{"line":131,"column":1},"end":{"line":131,"column":41}},"54":{"start":{"line":133,"column":20},"end":{"line":136,"column":12}},"55":{"start":{"line":138,"column":1},"end":{"line":212,"column":4}},"56":{"start":{"line":139,"column":18},"end":{"line":139,"column":38}},"57":{"start":{"line":140,"column":23},"end":{"line":140,"column":42}},"58":{"start":{"line":142,"column":2},"end":{"line":211,"column":3}},"59":{"start":{"line":143,"column":3},"end":{"line":149,"column":29}},"60":{"start":{"line":151,"column":31},"end":{"line":156,"column":12}},"61":{"start":{"line":158,"column":25},"end":{"line":158,"column":27}},"62":{"start":{"line":159,"column":3},"end":{"line":175,"column":6}},"63":{"start":{"line":160,"column":31},"end":{"line":160,"column":41}},"64":{"start":{"line":161,"column":34},"end":{"line":161,"column":44}},"65":{"start":{"line":162,"column":4},"end":{"line":162,"column":37}},"66":{"start":{"line":163,"column":4},"end":{"line":163,"column":40}},"67":{"start":{"line":164,"column":28},"end":{"line":165,"column":92}},"68":{"start":{"line":165,"column":5},"end":{"line":165,"column":91}},"69":{"start":{"line":166,"column":4},"end":{"line":174,"column":5}},"70":{"start":{"line":167,"column":5},"end":{"line":167,"column":65}},"71":{"start":{"line":169,"column":21},"end":{"line":169,"column":23}},"72":{"start":{"line":170,"column":5},"end":{"line":170,"column":45}},"73":{"start":{"line":171,"column":5},"end":{"line":171,"column":51}},"74":{"start":{"line":172,"column":5},"end":{"line":172,"column":40}},"75":{"start":{"line":173,"column":5},"end":{"line":173,"column":33}},"76":{"start":{"line":177,"column":30},"end":{"line":177,"column":32}},"77":{"start":{"line":178,"column":14},"end":{"line":178,"column":15}},"78":{"start":{"line":179,"column":3},"end":{"line":201,"column":4}},"79":{"start":{"line":179,"column":18},"end":{"line":179,"column":19}},"80":{"start":{"line":180,"column":22},"end":{"line":180,"column":56}},"81":{"start":{"line":182,"column":4},"end":{"line":188,"column":65}},"82":{"start":{"line":190,"column":26},"end":{"line":190,"column":116}},"83":{"start":{"line":191,"column":4},"end":{"line":191,"column":55}},"84":{"start":{"line":193,"column":4},"end":{"line":199,"column":64}},"85":{"start":{"line":200,"column":4},"end":{"line":200,"column":11}},"86":{"start":{"line":202,"column":3},"end":{"line":202,"column":86}},"87":{"start":{"line":204,"column":3},"end":{"line":207,"column":49}},"88":{"start":{"line":209,"column":3},"end":{"line":209,"column":58}},"89":{"start":{"line":210,"column":3},"end":{"line":210,"column":21}},"90":{"start":{"line":215,"column":0},"end":{"line":218,"column":2}}},"fnMap":{"0":{"name":"(anonymous_0)","decl":{"start":{"line":10,"column":23},"end":{"line":10,"column":24}},"loc":{"start":{"line":10,"column":88},"end":{"line":36,"column":1}},"line":10},"1":{"name":"(anonymous_1)","decl":{"start":{"line":38,"column":28},"end":{"line":38,"column":29}},"loc":{"start":{"line":38,"column":77},"end":{"line":52,"column":1}},"line":38},"2":{"name":"(anonymous_2)","decl":{"start":{"line":54,"column":23},"end":{"line":54,"column":24}},"loc":{"start":{"line":54,"column":61},"end":{"line":128,"column":1}},"line":54},"3":{"name":"(anonymous_3)","decl":{"start":{"line":62,"column":28},"end":{"line":62,"column":29}},"loc":{"start":{"line":62,"column":44},"end":{"line":127,"column":2}},"line":62},"4":{"name":"(anonymous_4)","decl":{"start":{"line":79,"column":33},"end":{"line":79,"column":34}},"loc":{"start":{"line":79,"column":53},"end":{"line":97,"column":4}},"line":79},"5":{"name":"(anonymous_5)","decl":{"start":{"line":80,"column":33},"end":{"line":80,"column":34}},"loc":{"start":{"line":80,"column":47},"end":{"line":96,"column":6}},"line":80},"6":{"name":"(anonymous_6)","decl":{"start":{"line":105,"column":39},"end":{"line":105,"column":40}},"loc":{"start":{"line":105,"column":65},"end":{"line":114,"column":4}},"line":105},"7":{"name":"(anonymous_7)","decl":{"start":{"line":106,"column":56},"end":{"line":106,"column":57}},"loc":{"start":{"line":107,"column":5},"end":{"line":109,"column":70}},"line":107},"8":{"name":"(anonymous_8)","decl":{"start":{"line":130,"column":23},"end":{"line":130,"column":24}},"loc":{"start":{"line":130,"column":61},"end":{"line":213,"column":1}},"line":130},"9":{"name":"(anonymous_9)","decl":{"start":{"line":138,"column":28},"end":{"line":138,"column":29}},"loc":{"start":{"line":138,"column":44},"end":{"line":212,"column":2}},"line":138},"10":{"name":"(anonymous_10)","decl":{"start":{"line":159,"column":43},"end":{"line":159,"column":44}},"loc":{"start":{"line":159,"column":65},"end":{"line":175,"column":4}},"line":159},"11":{"name":"(anonymous_11)","decl":{"start":{"line":164,"column":52},"end":{"line":164,"column":53}},"loc":{"start":{"line":165,"column":5},"end":{"line":165,"column":91}},"line":165}},"branchMap":{"0":{"loc":{"start":{"line":39,"column":1},"end":{"line":39,"column":37}},"type":"if","locations":[{"start":{"line":39,"column":1},"end":{"line":39,"column":37}},{"start":{},"end":{}}],"line":39},"1":{"loc":{"start":{"line":44,"column":2},"end":{"line":49,"column":117}},"type":"if","locations":[{"start":{"line":44,"column":2},"end":{"line":49,"column":117}},{"start":{"line":49,"column":9},"end":{"line":49,"column":117}}],"line":44},"2":{"loc":{"start":{"line":45,"column":3},"end":{"line":45,"column":80}},"type":"if","locations":[{"start":{"line":45,"column":3},"end":{"line":45,"column":80}},{"start":{},"end":{}}],"line":45},"3":{"loc":{"start":{"line":47,"column":4},"end":{"line":47,"column":93}},"type":"if","locations":[{"start":{"line":47,"column":4},"end":{"line":47,"column":93}},{"start":{},"end":{}}],"line":47},"4":{"loc":{"start":{"line":49,"column":9},"end":{"line":49,"column":117}},"type":"if","locations":[{"start":{"line":49,"column":9},"end":{"line":49,"column":117}},{"start":{},"end":{}}],"line":49},"5":{"loc":{"start":{"line":49,"column":13},"end":{"line":49,"column":102}},"type":"binary-expr","locations":[{"start":{"line":49,"column":13},"end":{"line":49,"column":79}},{"start":{"line":49,"column":83},"end":{"line":49,"column":102}}],"line":49},"6":{"loc":{"start":{"line":107,"column":5},"end":{"line":109,"column":70}},"type":"binary-expr","locations":[{"start":{"line":107,"column":5},"end":{"line":107,"column":56}},{"start":{"line":107,"column":60},"end":{"line":107,"column":99}},{"start":{"line":108,"column":5},"end":{"line":108,"column":64}},{"start":{"line":109,"column":5},"end":{"line":109,"column":70}}],"line":107},"7":{"loc":{"start":{"line":111,"column":4},"end":{"line":113,"column":5}},"type":"if","locations":[{"start":{"line":111,"column":4},"end":{"line":113,"column":5}},{"start":{},"end":{}}],"line":111},"8":{"loc":{"start":{"line":165,"column":5},"end":{"line":165,"column":91}},"type":"binary-expr","locations":[{"start":{"line":165,"column":5},"end":{"line":165,"column":43}},{"start":{"line":165,"column":47},"end":{"line":165,"column":91}}],"line":165},"9":{"loc":{"start":{"line":166,"column":4},"end":{"line":174,"column":5}},"type":"if","locations":[{"start":{"line":166,"column":4},"end":{"line":174,"column":5}},{"start":{"line":168,"column":11},"end":{"line":174,"column":5}}],"line":166}},"s":{"0":1,"1":1,"2":1,"3":1,"4":1,"5":1,"6":1,"7":1,"8":1,"9":0,"10":1,"11":0,"12":0,"13":0,"14":0,"15":0,"16":0,"17":0,"18":0,"19":0,"20":0,"21":0,"22":0,"23":0,"24":0,"25":0,"26":0,"27":1,"28":1,"29":1,"30":1,"31":1,"32":1,"33":1,"34":1,"35":1,"36":0,"37":0,"38":0,"39":0,"40":0,"41":0,"42":0,"43":0,"44":0,"45":0,"46":0,"47":0,"48":0,"49":0,"50":1,"51":1,"52":1,"53":0,"54":0,"55":0,"56":0,"57":0,"58":0,"59":0,"60":0,"61":0,"62":0,"63":0,"64":0,"65":0,"66":0,"67":0,"68":0,"69":0,"70":0,"71":0,"72":0,"73":0,"74":0,"75":0,"76":0,"77":0,"78":0,"79":0,"80":0,"81":0,"82":0,"83":0,"84":0,"85":0,"86":0,"87":0,"88":0,"89":0,"90":1},"f":{"0":0,"1":0,"2":1,"3":1,"4":0,"5":0,"6":0,"7":0,"8":0,"9":0,"10":0,"11":0},"b":{"0":[0,0],"1":[0,0],"2":[0,0],"3":[0,0],"4":[0,0],"5":[0,0],"6":[0,0,0,0],"7":[0,0],"8":[0,0],"9":[0,0]},"_coverageSchema":"1a1c01bbd47fc00a2c39e90264f33305004495a9","hash":"ee56f5abafce14139367537f122a09092de31109"}
}
