TN:
SF:conf\app_config.js
FNF:0
FNH:0
DA:1,1
LF:1
LH:1
BRF:0
BRH:0
end_of_record
TN:
SF:conf\index.js
FNF:0
FNH:0
DA:1,1
LF:1
LH:1
BRF:0
BRH:0
end_of_record
TN:
SF:easysoap\src\easysoap.js
FN:1,(anonymous_0)
FN:15,mandatoryCheck
FN:29,(anonymous_2)
FN:41,(anonymous_3)
FN:50,(anonymous_4)
FN:53,(anonymous_5)
FN:77,(anonymous_6)
FN:93,(anonymous_7)
FN:101,(anonymous_8)
FN:110,(anonymous_9)
FN:122,(anonymous_10)
FNF:11
FNH:4
FNDA:1,(anonymous_0)
FNDA:1,mandatoryCheck
FNDA:1,(anonymous_2)
FNDA:0,(anonymous_3)
FNDA:0,(anonymous_4)
FNDA:0,(anonymous_5)
FNDA:0,(anonymous_6)
FNDA:0,(anonymous_7)
FNDA:0,(anonymous_8)
FNDA:0,(anonymous_9)
FNDA:1,(anonymous_10)
DA:1,1
DA:5,1
DA:6,1
DA:8,1
DA:17,1
DA:19,1
DA:20,1
DA:21,1
DA:29,1
DA:31,1
DA:34,1
DA:43,0
DA:45,0
DA:46,0
DA:49,0
DA:52,0
DA:56,0
DA:57,0
DA:59,0
DA:60,0
DA:64,0
DA:79,0
DA:81,0
DA:82,0
DA:85,0
DA:94,0
DA:102,0
DA:111,0
DA:122,1
DA:124,1
DA:125,1
DA:128,1
DA:130,1
DA:131,1
DA:135,1
DA:136,0
DA:137,0
DA:140,1
DA:141,0
DA:142,0
DA:145,1
LF:41
LH:20
BRDA:17,0,0,1
BRDA:17,0,1,0
BRDA:19,1,0,0
BRDA:19,1,1,1
BRDA:20,2,0,0
BRDA:20,2,1,1
BRDA:21,3,0,0
BRDA:21,3,1,1
BRDA:31,4,0,1
BRDA:31,4,1,0
BRDA:32,5,0,1
BRDA:32,5,1,0
BRDA:43,6,0,0
BRDA:43,6,1,0
BRDA:45,7,0,0
BRDA:45,7,1,0
BRDA:57,8,0,0
BRDA:57,8,1,0
BRDA:59,9,0,0
BRDA:59,9,1,0
BRDA:79,10,0,0
BRDA:79,10,1,0
BRDA:81,11,0,0
BRDA:81,11,1,0
BRDA:124,12,0,1
BRDA:124,12,1,0
BRDA:125,13,0,1
BRDA:125,13,1,1
BRDA:130,14,0,1
BRDA:130,14,1,0
BRDA:135,15,0,0
BRDA:135,15,1,1
BRDA:140,16,0,0
BRDA:140,16,1,1
BRF:34
BRH:12
end_of_record
TN:
SF:easysoap\src\request\request.js
FN:1,(anonymous_0)
FN:18,baseParamsToRequestParams
FN:26,(anonymous_2)
FN:37,getProtocol
FN:47,getRequestParamsAsString
FN:53,(anonymous_5)
FN:56,(anonymous_6)
FN:62,(anonymous_7)
FN:89,(anonymous_8)
FN:97,(anonymous_9)
FN:100,(anonymous_10)
FN:128,(anonymous_11)
FN:140,(anonymous_12)
FN:158,getRequestEnvelopeParams
FN:161,(anonymous_14)
FN:164,(anonymous_15)
FN:171,(anonymous_16)
FN:192,getRequestHeadParams
FN:213,(anonymous_18)
FN:230,(anonymous_19)
FN:237,(anonymous_20)
FN:262,(anonymous_21)
FN:265,(anonymous_22)
FN:274,(anonymous_23)
FN:278,(anonymous_24)
FN:285,(anonymous_25)
FNF:26
FNH:1
FNDA:1,(anonymous_0)
FNDA:0,baseParamsToRequestParams
FNDA:0,(anonymous_2)
FNDA:0,getProtocol
FNDA:0,getRequestParamsAsString
FNDA:0,(anonymous_5)
FNDA:0,(anonymous_6)
FNDA:0,(anonymous_7)
FNDA:0,(anonymous_8)
FNDA:0,(anonymous_9)
FNDA:0,(anonymous_10)
FNDA:0,(anonymous_11)
FNDA:0,(anonymous_12)
FNDA:0,getRequestEnvelopeParams
FNDA:0,(anonymous_14)
FNDA:0,(anonymous_15)
FNDA:0,(anonymous_16)
FNDA:0,getRequestHeadParams
FNDA:0,(anonymous_18)
FNDA:0,(anonymous_19)
FNDA:0,(anonymous_20)
FNDA:0,(anonymous_21)
FNDA:0,(anonymous_22)
FNDA:0,(anonymous_23)
FNDA:0,(anonymous_24)
FNDA:0,(anonymous_25)
DA:1,1
DA:5,1
DA:7,1
DA:8,1
DA:10,1
DA:11,1
DA:12,1
DA:14,1
DA:20,0
DA:22,0
DA:23,0
DA:25,0
DA:27,0
DA:28,0
DA:34,0
DA:39,0
DA:40,0
DA:41,0
DA:44,0
DA:49,0
DA:53,0
DA:55,0
DA:57,0
DA:62,0
DA:64,0
DA:66,0
DA:67,0
DA:68,0
DA:69,0
DA:74,0
DA:75,0
DA:77,0
DA:78,0
DA:81,0
DA:82,0
DA:87,0
DA:88,0
DA:89,0
DA:94,0
DA:96,0
DA:99,0
DA:100,0
DA:101,0
DA:105,0
DA:109,0
DA:114,0
DA:115,0
DA:119,0
DA:127,0
DA:130,0
DA:132,0
DA:133,0
DA:134,0
DA:136,0
DA:139,0
DA:142,0
DA:143,0
DA:144,0
DA:147,0
DA:154,0
DA:160,0
DA:163,0
DA:165,0
DA:170,0
DA:171,0
DA:173,0
DA:174,0
DA:181,0
DA:182,0
DA:184,0
DA:194,0
DA:196,0
DA:197,0
DA:200,0
DA:202,0
DA:205,0
DA:207,0
DA:213,0
DA:214,0
DA:230,1
DA:232,0
DA:233,0
DA:234,0
DA:236,0
DA:239,0
DA:240,0
DA:242,0
DA:247,0
DA:248,0
DA:250,0
DA:251,0
DA:262,1
DA:264,0
DA:267,0
DA:268,0
DA:269,0
DA:270,0
DA:271,0
DA:274,0
DA:275,0
DA:278,0
DA:279,0
DA:286,0
DA:288,0
LF:104
LH:10
BRDA:22,0,0,0
BRDA:22,0,1,0
BRDA:23,1,0,0
BRDA:23,1,1,0
BRDA:39,2,0,0
BRDA:39,2,1,0
BRDA:40,3,0,0
BRDA:40,3,1,0
BRDA:44,4,0,0
BRDA:44,4,1,0
BRDA:64,5,0,0
BRDA:64,5,1,0
BRDA:67,6,0,0
BRDA:67,6,1,0
BRDA:68,7,0,0
BRDA:68,7,1,0
BRDA:75,8,0,0
BRDA:75,8,1,0
BRDA:77,9,0,0
BRDA:77,9,1,0
BRDA:81,10,0,0
BRDA:81,10,1,0
BRDA:87,11,0,0
BRDA:87,11,1,0
BRDA:94,12,0,0
BRDA:94,12,1,0
BRDA:99,13,0,0
BRDA:99,13,1,0
BRDA:114,14,0,0
BRDA:114,14,1,0
BRDA:132,15,0,0
BRDA:132,15,1,0
BRDA:143,16,0,0
BRDA:143,16,1,0
BRDA:170,17,0,0
BRDA:170,17,1,0
BRDA:173,18,0,0
BRDA:173,18,1,0
BRDA:182,19,0,0
BRDA:182,19,1,0
BRDA:186,20,0,0
BRDA:186,20,1,0
BRDA:194,21,0,0
BRDA:194,21,1,0
BRDA:196,22,0,0
BRDA:196,22,1,0
BRDA:202,23,0,0
BRDA:202,23,1,0
BRDA:202,24,0,0
BRDA:202,24,1,0
BRDA:286,25,0,0
BRDA:286,25,1,0
BRF:52
BRH:0
end_of_record
TN:
SF:lib\logger.js
FNF:0
FNH:0
DA:1,1
DA:2,1
DA:3,1
DA:5,1
DA:8,1
DA:10,1
DA:11,0
DA:24,1
LF:8
LH:7
BRDA:10,0,0,0
BRDA:10,0,1,1
BRDA:14,1,0,0
BRDA:14,1,1,0
BRF:4
BRH:1
end_of_record
TN:
SF:lib\soap.js
FN:9,(anonymous_0)
FN:17,(anonymous_1)
FN:34,(anonymous_2)
FN:43,(anonymous_3)
FN:47,(anonymous_4)
FN:48,(anonymous_5)
FN:50,(anonymous_6)
FN:58,(anonymous_7)
FN:58,(anonymous_8)
FN:60,(anonymous_9)
FNF:10
FNH:0
FNDA:0,(anonymous_0)
FNDA:0,(anonymous_1)
FNDA:0,(anonymous_2)
FNDA:0,(anonymous_3)
FNDA:0,(anonymous_4)
FNDA:0,(anonymous_5)
FNDA:0,(anonymous_6)
FNDA:0,(anonymous_7)
FNDA:0,(anonymous_8)
FNDA:0,(anonymous_9)
DA:1,1
DA:3,1
DA:6,1
DA:8,1
DA:11,0
DA:12,0
DA:18,0
DA:21,0
DA:22,0
DA:23,0
DA:24,0
DA:30,0
DA:35,0
DA:40,0
DA:44,0
DA:48,0
DA:49,0
DA:51,0
DA:54,0
DA:58,0
DA:59,0
DA:60,0
LF:22
LH:4
BRDA:21,0,0,0
BRDA:21,0,1,0
BRDA:23,1,0,0
BRDA:23,1,1,0
BRDA:48,2,0,0
BRDA:48,2,1,0
BRDA:58,3,0,0
BRDA:59,4,0,0
BRDA:59,4,1,0
BRF:9
BRH:0
end_of_record
TN:
SF:model\disciplines.js
FN:75,(anonymous_0)
FN:84,(anonymous_1)
FNF:2
FNH:0
FNDA:0,(anonymous_0)
FNDA:0,(anonymous_1)
DA:1,1
DA:2,1
DA:4,1
DA:74,1
DA:76,0
DA:83,1
DA:89,0
DA:111,1
LF:8
LH:6
BRDA:86,0,0,0
BRDA:86,1,0,0
BRF:2
BRH:0
end_of_record
TN:
SF:model\faculty.js
FNF:0
FNH:0
DA:1,1
DA:4,1
DA:16,1
LF:3
LH:3
BRF:0
BRH:0
end_of_record
TN:
SF:model\grade.js
FN:17,(anonymous_0)
FN:18,(anonymous_1)
FN:32,(anonymous_2)
FN:35,(anonymous_3)
FN:36,(anonymous_4)
FN:48,(anonymous_5)
FN:51,(anonymous_6)
FN:52,(anonymous_7)
FN:63,(anonymous_8)
FN:66,(anonymous_9)
FN:67,(anonymous_10)
FN:82,(anonymous_11)
FN:86,(anonymous_12)
FN:87,(anonymous_13)
FN:106,(anonymous_14)
FN:112,(anonymous_15)
FN:129,(anonymous_16)
FN:134,(anonymous_17)
FN:135,(anonymous_18)
FN:142,(anonymous_19)
FN:145,(anonymous_20)
FN:146,(anonymous_21)
FN:166,(anonymous_22)
FNF:23
FNH:0
FNDA:0,(anonymous_0)
FNDA:0,(anonymous_1)
FNDA:0,(anonymous_2)
FNDA:0,(anonymous_3)
FNDA:0,(anonymous_4)
FNDA:0,(anonymous_5)
FNDA:0,(anonymous_6)
FNDA:0,(anonymous_7)
FNDA:0,(anonymous_8)
FNDA:0,(anonymous_9)
FNDA:0,(anonymous_10)
FNDA:0,(anonymous_11)
FNDA:0,(anonymous_12)
FNDA:0,(anonymous_13)
FNDA:0,(anonymous_14)
FNDA:0,(anonymous_15)
FNDA:0,(anonymous_16)
FNDA:0,(anonymous_17)
FNDA:0,(anonymous_18)
FNDA:0,(anonymous_19)
FNDA:0,(anonymous_20)
FNDA:0,(anonymous_21)
FNDA:0,(anonymous_22)
DA:1,1
DA:2,1
DA:4,1
DA:6,1
DA:8,1
DA:12,1
DA:13,0
DA:16,1
DA:18,0
DA:32,0
DA:36,0
DA:48,0
DA:52,0
DA:63,0
DA:67,0
DA:68,0
DA:69,0
DA:70,0
DA:82,0
DA:87,0
DA:88,0
DA:89,0
DA:90,0
DA:107,0
DA:113,0
DA:114,0
DA:115,0
DA:130,0
DA:135,0
DA:142,0
DA:146,0
DA:147,0
DA:166,0
LF:33
LH:7
BRDA:12,0,0,0
BRDA:12,0,1,1
BRDA:145,1,0,0
BRF:3
BRH:1
end_of_record
TN:
SF:model\logs.js
FNF:0
FNH:0
DA:1,1
DA:4,1
DA:46,1
LF:3
LH:3
BRF:0
BRH:0
end_of_record
TN:
SF:model\sync-log.js
FN:30,(anonymous_0)
FNF:1
FNH:1
FNDA:1,(anonymous_0)
DA:1,1
DA:4,1
DA:29,1
DA:31,1
DA:32,1
DA:35,1
DA:45,1
LF:7
LH:7
BRDA:31,0,0,1
BRDA:31,0,1,0
BRF:2
BRH:1
end_of_record
TN:
SF:model\sync.js
FN:27,(anonymous_0)
FN:31,(anonymous_1)
FN:37,(anonymous_2)
FNF:3
FNH:2
FNDA:1,(anonymous_0)
FNDA:1,(anonymous_1)
FNDA:0,(anonymous_2)
DA:1,1
DA:2,1
DA:3,1
DA:6,1
DA:26,1
DA:28,1
DA:32,1
DA:36,1
DA:38,0
DA:47,1
LF:10
LH:9
BRF:0
BRH:0
end_of_record
TN:
SF:model\soap\index.js
FNF:0
FNH:0
DA:1,1
DA:2,1
DA:3,1
DA:4,1
DA:5,1
DA:6,1
DA:7,1
DA:10,1
LF:8
LH:8
BRF:0
BRH:0
end_of_record
TN:
SF:model\soap\officialForms.js
FN:4,processFormErrors
FN:8,processResponse
FN:20,processFormContent
FN:167,arraysToJSON
FN:174,(anonymous_4)
FN:182,(anonymous_5)
FN:198,(anonymous_6)
FN:231,(anonymous_7)
FN:286,(anonymous_8)
FNF:9
FNH:0
FNDA:0,processFormErrors
FNDA:0,processResponse
FNDA:0,processFormContent
FNDA:0,arraysToJSON
FNDA:0,(anonymous_4)
FNDA:0,(anonymous_5)
FNDA:0,(anonymous_6)
FNDA:0,(anonymous_7)
FNDA:0,(anonymous_8)
DA:1,1
DA:5,0
DA:9,0
DA:11,0
DA:12,0
DA:13,0
DA:17,0
DA:21,0
DA:23,0
DA:24,0
DA:25,0
DA:26,0
DA:27,0
DA:28,0
DA:34,0
DA:40,0
DA:41,0
DA:42,0
DA:43,0
DA:45,0
DA:47,0
DA:53,0
DA:54,0
DA:56,0
DA:58,0
DA:59,0
DA:61,0
DA:63,0
DA:64,0
DA:66,0
DA:68,0
DA:69,0
DA:70,0
DA:71,0
DA:73,0
DA:74,0
DA:76,0
DA:78,0
DA:80,0
DA:81,0
DA:82,0
DA:84,0
DA:85,0
DA:87,0
DA:89,0
DA:90,0
DA:92,0
DA:94,0
DA:95,0
DA:96,0
DA:98,0
DA:101,0
DA:103,0
DA:104,0
DA:106,0
DA:108,0
DA:109,0
DA:111,0
DA:113,0
DA:114,0
DA:115,0
DA:117,0
DA:120,0
DA:122,0
DA:123,0
DA:124,0
DA:125,0
DA:126,0
DA:127,0
DA:128,0
DA:129,0
DA:130,0
DA:131,0
DA:133,0
DA:136,0
DA:137,0
DA:138,0
DA:139,0
DA:140,0
DA:142,0
DA:144,0
DA:152,0
DA:161,0
DA:164,0
DA:168,0
DA:169,0
DA:171,0
DA:172,0
DA:173,0
DA:174,0
DA:177,0
DA:178,0
DA:182,0
DA:186,0
DA:188,0
DA:189,0
DA:193,0
DA:197,1
DA:199,0
DA:200,0
DA:201,0
DA:202,0
DA:214,0
DA:226,0
DA:228,0
DA:232,0
DA:233,0
DA:235,0
DA:237,0
DA:238,0
DA:239,0
DA:240,0
DA:241,0
DA:242,0
DA:243,0
DA:244,0
DA:245,0
DA:246,0
DA:247,0
DA:248,0
DA:249,0
DA:250,0
DA:251,0
DA:263,0
DA:276,0
DA:277,0
DA:278,0
DA:279,0
DA:282,0
DA:287,0
DA:288,0
DA:289,0
DA:290,0
DA:302,0
DA:314,0
DA:315,0
LF:136
LH:2
BRDA:12,0,0,0
BRDA:12,0,1,0
BRDA:40,1,0,0
BRDA:40,1,1,0
BRDA:42,2,0,0
BRDA:42,2,1,0
BRDA:54,3,0,0
BRDA:54,3,1,0
BRDA:54,4,0,0
BRDA:54,4,1,0
BRDA:54,4,2,0
BRDA:54,4,3,0
BRDA:54,4,4,0
BRDA:58,5,0,0
BRDA:58,5,1,0
BRDA:61,6,0,0
BRDA:61,6,1,0
BRDA:61,7,0,0
BRDA:61,7,1,0
BRDA:63,8,0,0
BRDA:63,8,1,0
BRDA:68,9,0,0
BRDA:68,9,1,0
BRDA:70,10,0,0
BRDA:70,10,1,0
BRDA:73,11,0,0
BRDA:73,11,1,0
BRDA:81,12,0,0
BRDA:81,12,1,0
BRDA:84,13,0,0
BRDA:84,13,1,0
BRDA:89,14,0,0
BRDA:89,14,1,0
BRDA:94,15,0,0
BRDA:94,15,1,0
BRDA:95,16,0,0
BRDA:95,16,1,0
BRDA:95,17,0,0
BRDA:95,17,1,0
BRDA:95,17,2,0
BRDA:103,18,0,0
BRDA:103,18,1,0
BRDA:108,19,0,0
BRDA:108,19,1,0
BRDA:113,20,0,0
BRDA:113,20,1,0
BRDA:114,21,0,0
BRDA:114,21,1,0
BRDA:114,22,0,0
BRDA:114,22,1,0
BRDA:114,22,2,0
BRDA:124,23,0,0
BRDA:124,23,1,0
BRDA:137,24,0,0
BRDA:137,24,1,0
BRDA:139,25,0,0
BRDA:139,25,1,0
BRDA:168,26,0,0
BRDA:168,26,1,0
BRDA:168,27,0,0
BRDA:168,27,1,0
BRDA:171,28,0,0
BRDA:171,28,1,0
BRDA:172,29,0,0
BRDA:172,29,1,0
BRDA:177,30,0,0
BRDA:177,30,1,0
BRDA:188,31,0,0
BRDA:188,31,1,0
BRDA:201,32,0,0
BRDA:201,32,1,0
BRDA:233,33,0,0
BRDA:233,33,1,0
BRDA:250,34,0,0
BRDA:250,34,1,0
BRDA:289,35,0,0
BRDA:289,35,1,0
BRF:77
BRH:0
end_of_record
TN:
SF:model\soap\students.js
FN:4,processRecordBook
FN:18,processStudent
FN:28,processResponse
FN:40,(anonymous_3)
FNF:4
FNH:0
FNDA:0,processRecordBook
FNDA:0,processStudent
FNDA:0,processResponse
FNDA:0,(anonymous_3)
DA:1,1
DA:5,0
DA:19,0
DA:29,0
DA:31,0
DA:32,0
DA:33,0
DA:36,0
DA:40,1
DA:41,0
DA:46,0
LF:11
LH:2
BRDA:32,0,0,0
BRDA:32,0,1,0
BRF:2
BRH:0
end_of_record
TN:
SF:model\soap\subdivisions.js
FN:4,processSubdivision
FN:12,processResponse
FN:24,(anonymous_2)
FNF:3
FNH:0
FNDA:0,processSubdivision
FNDA:0,processResponse
FNDA:0,(anonymous_2)
DA:1,1
DA:5,0
DA:13,0
DA:15,0
DA:16,0
DA:17,0
DA:20,0
DA:24,1
DA:25,0
DA:26,0
LF:10
LH:2
BRDA:16,0,0,0
BRDA:16,0,1,0
BRF:2
BRH:0
end_of_record
TN:
SF:model\soap\teachers.js
FN:4,processTeacher
FN:16,processDepartment
FN:23,processResponse
FN:33,(anonymous_3)
FN:33,(anonymous_4)
FN:40,(anonymous_5)
FNF:6
FNH:0
FNDA:0,processTeacher
FNDA:0,processDepartment
FNDA:0,processResponse
FNDA:0,(anonymous_3)
FNDA:0,(anonymous_4)
FNDA:0,(anonymous_5)
DA:1,1
DA:5,0
DA:17,0
DA:24,0
DA:26,0
DA:27,0
DA:28,0
DA:31,0
DA:33,0
DA:34,0
DA:35,0
DA:40,1
DA:41,0
DA:46,0
LF:14
LH:2
BRDA:27,0,0,0
BRDA:27,0,1,0
BRF:2
BRH:0
end_of_record
TN:
SF:routes\api\syncPlans.js
FN:10,(anonymous_0)
FN:38,(anonymous_1)
FN:54,(anonymous_2)
FN:62,(anonymous_3)
FN:79,(anonymous_4)
FN:80,(anonymous_5)
FN:105,(anonymous_6)
FN:106,(anonymous_7)
FN:130,(anonymous_8)
FN:138,(anonymous_9)
FN:159,(anonymous_10)
FN:164,(anonymous_11)
FNF:12
FNH:2
FNDA:0,(anonymous_0)
FNDA:0,(anonymous_1)
FNDA:1,(anonymous_2)
FNDA:1,(anonymous_3)
FNDA:0,(anonymous_4)
FNDA:0,(anonymous_5)
FNDA:0,(anonymous_6)
FNDA:0,(anonymous_7)
FNDA:0,(anonymous_8)
FNDA:0,(anonymous_9)
FNDA:0,(anonymous_10)
FNDA:0,(anonymous_11)
DA:1,1
DA:2,1
DA:3,1
DA:4,1
DA:5,1
DA:6,1
DA:7,1
DA:8,1
DA:10,1
DA:11,0
DA:38,1
DA:39,0
DA:41,0
DA:42,0
DA:43,0
DA:44,0
DA:45,0
DA:46,0
DA:47,0
DA:49,0
DA:51,0
DA:54,1
DA:55,1
DA:57,1
DA:62,1
DA:63,1
DA:64,1
DA:66,1
DA:67,1
DA:75,1
DA:76,0
DA:78,0
DA:79,0
DA:80,0
DA:98,0
DA:100,0
DA:103,0
DA:105,0
DA:106,0
DA:107,0
DA:111,0
DA:112,0
DA:116,0
DA:124,1
DA:125,1
DA:130,1
DA:131,0
DA:133,0
DA:138,0
DA:139,0
DA:140,0
DA:142,0
DA:143,0
DA:151,0
DA:158,0
DA:159,0
DA:160,0
DA:161,0
DA:162,0
DA:163,0
DA:164,0
DA:165,0
DA:166,0
DA:167,0
DA:169,0
DA:170,0
DA:171,0
DA:172,0
DA:173,0
DA:177,0
DA:178,0
DA:179,0
DA:180,0
DA:182,0
DA:190,0
DA:191,0
DA:193,0
DA:200,0
DA:202,0
DA:204,0
DA:209,0
DA:210,0
DA:215,1
LF:83
LH:23
BRDA:39,0,0,0
BRDA:39,0,1,0
BRDA:44,1,0,0
BRDA:44,1,1,0
BRDA:45,2,0,0
BRDA:45,2,1,0
BRDA:47,3,0,0
BRDA:47,3,1,0
BRDA:49,4,0,0
BRDA:49,4,1,0
BRDA:49,5,0,0
BRDA:49,5,1,0
BRDA:107,6,0,0
BRDA:107,6,1,0
BRDA:107,6,2,0
BRDA:107,6,3,0
BRDA:111,7,0,0
BRDA:111,7,1,0
BRDA:165,8,0,0
BRDA:165,8,1,0
BRDA:166,9,0,0
BRDA:166,9,1,0
BRF:22
BRH:0
end_of_record
